INFO	?	main	2016-09-09T14:29:57.245Z	org.javacs.Main#connectToNode	Connected to parent using socket on port 55282
INFO	?	main	2016-09-09T14:29:57.402Z	org.javacs.JavaLanguageServer#doLint	Lint d:\code\Java\gcipher\src\gcipher\Main.java
SEVERE	?	main	2016-09-09T14:29:57.465Z	org.javacs.Main$4#onError	Illegal char <<> at index 0: <?xml version="1.0" encoding="UTF-8"?><classpath>	<classpathentry kind="src" path="src"/>	<classpathentry kind="con" path="org.eclipse.jdt.launching.JRE_CONTAINER"/>	<classpathentry kind="output" path="bin"/></classpath>
java.nio.file.InvalidPathException: Illegal char <<> at index 0: <?xml version="1.0" encoding="UTF-8"?><classpath>	<classpathentry kind="src" path="src"/>	<classpathentry kind="con" path="org.eclipse.jdt.launching.JRE_CONTAINER"/>	<classpathentry kind="output" path="bin"/></classpath>
	at sun.nio.fs.WindowsPathParser.normalize(Unknown Source)
	at sun.nio.fs.WindowsPathParser.parse(Unknown Source)
	at sun.nio.fs.WindowsPathParser.parse(Unknown Source)
	at sun.nio.fs.WindowsPath.parse(Unknown Source)
	at sun.nio.fs.WindowsFileSystem.getPath(Unknown Source)
	at sun.nio.fs.AbstractPath.resolve(Unknown Source)
	at java.util.stream.ReferencePipeline$3$1.accept(Unknown Source)
	at java.util.Spliterators$ArraySpliterator.forEachRemaining(Unknown Source)
	at java.util.stream.AbstractPipeline.copyInto(Unknown Source)
	at java.util.stream.AbstractPipeline.wrapAndCopyInto(Unknown Source)
	at java.util.stream.ReduceOps$ReduceOp.evaluateSequential(Unknown Source)
	at java.util.stream.AbstractPipeline.evaluate(Unknown Source)
	at java.util.stream.ReferencePipeline.collect(Unknown Source)
	at org.javacs.JavaLanguageServer.readClassPathFile(JavaLanguageServer.java:628)
	at org.javacs.JavaLanguageServer.lambda$readIfConfig$25(JavaLanguageServer.java:513)
	at java.util.Optional.map(Unknown Source)
	at org.javacs.JavaLanguageServer.readIfConfig(JavaLanguageServer.java:511)
	at org.javacs.JavaLanguageServer.doFindConfig(JavaLanguageServer.java:494)
	at java.util.HashMap.computeIfAbsent(Unknown Source)
	at org.javacs.JavaLanguageServer.findConfig(JavaLanguageServer.java:489)
	at org.javacs.JavaLanguageServer.findCompiler(JavaLanguageServer.java:454)
	at org.javacs.JavaLanguageServer.doLint(JavaLanguageServer.java:310)
	at org.javacs.JavaLanguageServer.access$400(JavaLanguageServer.java:31)
	at org.javacs.JavaLanguageServer$1.didOpen(JavaLanguageServer.java:200)
	at io.typefox.lsapi.services.transport.server.LanguageServerEndpoint._doAccept(LanguageServerEndpoint.xtend:198)
	at io.typefox.lsapi.services.transport.server.LanguageServerEndpoint.doAccept(LanguageServerEndpoint.xtend:194)
	at io.typefox.lsapi.services.transport.server.LanguageServerEndpoint.accept(LanguageServerEndpoint.xtend:114)
	at io.typefox.lsapi.services.transport.server.LanguageServerEndpoint.accept(LanguageServerEndpoint.xtend)
	at io.typefox.lsapi.services.transport.AbstractLanguageEndpoint.handleMessage(LanguageEndpoint.xtend:67)
	at io.typefox.lsapi.services.transport.AbstractLanguageEndpoint.lambda$connect$4(LanguageEndpoint.xtend:61)
	at io.typefox.lsapi.services.json.StreamMessageReader$1.apply(StreamMessageReader.java:45)
	at io.typefox.lsapi.services.json.StreamMessageReader$1.apply(StreamMessageReader.java:43)
	at io.typefox.lsapi.services.json.StreamMessageReader.handleMessage(StreamMessageReader.xtend:128)
	at io.typefox.lsapi.services.json.StreamMessageReader.listen(StreamMessageReader.xtend:61)
	at io.typefox.lsapi.services.transport.AbstractLanguageEndpoint.connect(LanguageEndpoint.xtend:60)
	at org.javacs.Main.run(Main.java:150)
	at org.javacs.Main.main(Main.java:69)

SEVERE	?	main	2016-09-09T14:29:58.149Z	org.javacs.Main$4#onError	Illegal char <<> at index 0: <?xml version="1.0" encoding="UTF-8"?><classpath>	<classpathentry kind="src" path="src"/>	<classpathentry kind="con" path="org.eclipse.jdt.launching.JRE_CONTAINER"/>	<classpathentry kind="output" path="bin"/></classpath>
java.nio.file.InvalidPathException: Illegal char <<> at index 0: <?xml version="1.0" encoding="UTF-8"?><classpath>	<classpathentry kind="src" path="src"/>	<classpathentry kind="con" path="org.eclipse.jdt.launching.JRE_CONTAINER"/>	<classpathentry kind="output" path="bin"/></classpath>
	at sun.nio.fs.WindowsPathParser.normalize(Unknown Source)
	at sun.nio.fs.WindowsPathParser.parse(Unknown Source)
	at sun.nio.fs.WindowsPathParser.parse(Unknown Source)
	at sun.nio.fs.WindowsPath.parse(Unknown Source)
	at sun.nio.fs.WindowsFileSystem.getPath(Unknown Source)
	at sun.nio.fs.AbstractPath.resolve(Unknown Source)
	at java.util.stream.ReferencePipeline$3$1.accept(Unknown Source)
	at java.util.Spliterators$ArraySpliterator.forEachRemaining(Unknown Source)
	at java.util.stream.AbstractPipeline.copyInto(Unknown Source)
	at java.util.stream.AbstractPipeline.wrapAndCopyInto(Unknown Source)
	at java.util.stream.ReduceOps$ReduceOp.evaluateSequential(Unknown Source)
	at java.util.stream.AbstractPipeline.evaluate(Unknown Source)
	at java.util.stream.ReferencePipeline.collect(Unknown Source)
	at org.javacs.JavaLanguageServer.readClassPathFile(JavaLanguageServer.java:628)
	at org.javacs.JavaLanguageServer.lambda$readIfConfig$25(JavaLanguageServer.java:513)
	at java.util.Optional.map(Unknown Source)
	at org.javacs.JavaLanguageServer.readIfConfig(JavaLanguageServer.java:511)
	at org.javacs.JavaLanguageServer.doFindConfig(JavaLanguageServer.java:494)
	at java.util.HashMap.computeIfAbsent(Unknown Source)
	at org.javacs.JavaLanguageServer.findConfig(JavaLanguageServer.java:489)
	at org.javacs.JavaLanguageServer.findCompiler(JavaLanguageServer.java:454)
	at org.javacs.JavaLanguageServer.doHover(JavaLanguageServer.java:875)
	at org.javacs.JavaLanguageServer$1.hover(JavaLanguageServer.java:125)
	at io.typefox.lsapi.services.transport.server.LanguageServerEndpoint._doAccept(LanguageServerEndpoint.xtend:130)
	at io.typefox.lsapi.services.transport.server.LanguageServerEndpoint.doAccept(LanguageServerEndpoint.xtend:117)
	at io.typefox.lsapi.services.transport.server.LanguageServerEndpoint.accept(LanguageServerEndpoint.xtend:114)
	at io.typefox.lsapi.services.transport.server.LanguageServerEndpoint.accept(LanguageServerEndpoint.xtend)
	at io.typefox.lsapi.services.transport.AbstractLanguageEndpoint.handleMessage(LanguageEndpoint.xtend:67)
	at io.typefox.lsapi.services.transport.AbstractLanguageEndpoint.lambda$connect$4(LanguageEndpoint.xtend:61)
	at io.typefox.lsapi.services.json.StreamMessageReader$1.apply(StreamMessageReader.java:45)
	at io.typefox.lsapi.services.json.StreamMessageReader$1.apply(StreamMessageReader.java:43)
	at io.typefox.lsapi.services.json.StreamMessageReader.handleMessage(StreamMessageReader.xtend:128)
	at io.typefox.lsapi.services.json.StreamMessageReader.listen(StreamMessageReader.xtend:61)
	at io.typefox.lsapi.services.transport.AbstractLanguageEndpoint.connect(LanguageEndpoint.xtend:60)
	at org.javacs.Main.run(Main.java:150)
	at org.javacs.Main.main(Main.java:69)

SEVERE	?	main	2016-09-09T14:29:58.913Z	org.javacs.Main$4#onError	Illegal char <<> at index 0: <?xml version="1.0" encoding="UTF-8"?><classpath>	<classpathentry kind="src" path="src"/>	<classpathentry kind="con" path="org.eclipse.jdt.launching.JRE_CONTAINER"/>	<classpathentry kind="output" path="bin"/></classpath>
java.nio.file.InvalidPathException: Illegal char <<> at index 0: <?xml version="1.0" encoding="UTF-8"?><classpath>	<classpathentry kind="src" path="src"/>	<classpathentry kind="con" path="org.eclipse.jdt.launching.JRE_CONTAINER"/>	<classpathentry kind="output" path="bin"/></classpath>
	at sun.nio.fs.WindowsPathParser.normalize(Unknown Source)
	at sun.nio.fs.WindowsPathParser.parse(Unknown Source)
	at sun.nio.fs.WindowsPathParser.parse(Unknown Source)
	at sun.nio.fs.WindowsPath.parse(Unknown Source)
	at sun.nio.fs.WindowsFileSystem.getPath(Unknown Source)
	at sun.nio.fs.AbstractPath.resolve(Unknown Source)
	at java.util.stream.ReferencePipeline$3$1.accept(Unknown Source)
	at java.util.Spliterators$ArraySpliterator.forEachRemaining(Unknown Source)
	at java.util.stream.AbstractPipeline.copyInto(Unknown Source)
	at java.util.stream.AbstractPipeline.wrapAndCopyInto(Unknown Source)
	at java.util.stream.ReduceOps$ReduceOp.evaluateSequential(Unknown Source)
	at java.util.stream.AbstractPipeline.evaluate(Unknown Source)
	at java.util.stream.ReferencePipeline.collect(Unknown Source)
	at org.javacs.JavaLanguageServer.readClassPathFile(JavaLanguageServer.java:628)
	at org.javacs.JavaLanguageServer.lambda$readIfConfig$25(JavaLanguageServer.java:513)
	at java.util.Optional.map(Unknown Source)
	at org.javacs.JavaLanguageServer.readIfConfig(JavaLanguageServer.java:511)
	at org.javacs.JavaLanguageServer.doFindConfig(JavaLanguageServer.java:494)
	at java.util.HashMap.computeIfAbsent(Unknown Source)
	at org.javacs.JavaLanguageServer.findConfig(JavaLanguageServer.java:489)
	at org.javacs.JavaLanguageServer.findCompiler(JavaLanguageServer.java:454)
	at org.javacs.JavaLanguageServer.doHover(JavaLanguageServer.java:875)
	at org.javacs.JavaLanguageServer$1.hover(JavaLanguageServer.java:125)
	at io.typefox.lsapi.services.transport.server.LanguageServerEndpoint._doAccept(LanguageServerEndpoint.xtend:130)
	at io.typefox.lsapi.services.transport.server.LanguageServerEndpoint.doAccept(LanguageServerEndpoint.xtend:117)
	at io.typefox.lsapi.services.transport.server.LanguageServerEndpoint.accept(LanguageServerEndpoint.xtend:114)
	at io.typefox.lsapi.services.transport.server.LanguageServerEndpoint.accept(LanguageServerEndpoint.xtend)
	at io.typefox.lsapi.services.transport.AbstractLanguageEndpoint.handleMessage(LanguageEndpoint.xtend:67)
	at io.typefox.lsapi.services.transport.AbstractLanguageEndpoint.lambda$connect$4(LanguageEndpoint.xtend:61)
	at io.typefox.lsapi.services.json.StreamMessageReader$1.apply(StreamMessageReader.java:45)
	at io.typefox.lsapi.services.json.StreamMessageReader$1.apply(StreamMessageReader.java:43)
	at io.typefox.lsapi.services.json.StreamMessageReader.handleMessage(StreamMessageReader.xtend:128)
	at io.typefox.lsapi.services.json.StreamMessageReader.listen(StreamMessageReader.xtend:61)
	at io.typefox.lsapi.services.transport.AbstractLanguageEndpoint.connect(LanguageEndpoint.xtend:60)
	at org.javacs.Main.run(Main.java:150)
	at org.javacs.Main.main(Main.java:69)

SEVERE	?	main	2016-09-09T14:29:59.679Z	org.javacs.Main$4#onError	Illegal char <<> at index 0: <?xml version="1.0" encoding="UTF-8"?><classpath>	<classpathentry kind="src" path="src"/>	<classpathentry kind="con" path="org.eclipse.jdt.launching.JRE_CONTAINER"/>	<classpathentry kind="output" path="bin"/></classpath>
java.nio.file.InvalidPathException: Illegal char <<> at index 0: <?xml version="1.0" encoding="UTF-8"?><classpath>	<classpathentry kind="src" path="src"/>	<classpathentry kind="con" path="org.eclipse.jdt.launching.JRE_CONTAINER"/>	<classpathentry kind="output" path="bin"/></classpath>
	at sun.nio.fs.WindowsPathParser.normalize(Unknown Source)
	at sun.nio.fs.WindowsPathParser.parse(Unknown Source)
	at sun.nio.fs.WindowsPathParser.parse(Unknown Source)
	at sun.nio.fs.WindowsPath.parse(Unknown Source)
	at sun.nio.fs.WindowsFileSystem.getPath(Unknown Source)
	at sun.nio.fs.AbstractPath.resolve(Unknown Source)
	at java.util.stream.ReferencePipeline$3$1.accept(Unknown Source)
	at java.util.Spliterators$ArraySpliterator.forEachRemaining(Unknown Source)
	at java.util.stream.AbstractPipeline.copyInto(Unknown Source)
	at java.util.stream.AbstractPipeline.wrapAndCopyInto(Unknown Source)
	at java.util.stream.ReduceOps$ReduceOp.evaluateSequential(Unknown Source)
	at java.util.stream.AbstractPipeline.evaluate(Unknown Source)
	at java.util.stream.ReferencePipeline.collect(Unknown Source)
	at org.javacs.JavaLanguageServer.readClassPathFile(JavaLanguageServer.java:628)
	at org.javacs.JavaLanguageServer.lambda$readIfConfig$25(JavaLanguageServer.java:513)
	at java.util.Optional.map(Unknown Source)
	at org.javacs.JavaLanguageServer.readIfConfig(JavaLanguageServer.java:511)
	at org.javacs.JavaLanguageServer.doFindConfig(JavaLanguageServer.java:494)
	at java.util.HashMap.computeIfAbsent(Unknown Source)
	at org.javacs.JavaLanguageServer.findConfig(JavaLanguageServer.java:489)
	at org.javacs.JavaLanguageServer.findCompiler(JavaLanguageServer.java:454)
	at org.javacs.JavaLanguageServer.doHover(JavaLanguageServer.java:875)
	at org.javacs.JavaLanguageServer$1.hover(JavaLanguageServer.java:125)
	at io.typefox.lsapi.services.transport.server.LanguageServerEndpoint._doAccept(LanguageServerEndpoint.xtend:130)
	at io.typefox.lsapi.services.transport.server.LanguageServerEndpoint.doAccept(LanguageServerEndpoint.xtend:117)
	at io.typefox.lsapi.services.transport.server.LanguageServerEndpoint.accept(LanguageServerEndpoint.xtend:114)
	at io.typefox.lsapi.services.transport.server.LanguageServerEndpoint.accept(LanguageServerEndpoint.xtend)
	at io.typefox.lsapi.services.transport.AbstractLanguageEndpoint.handleMessage(LanguageEndpoint.xtend:67)
	at io.typefox.lsapi.services.transport.AbstractLanguageEndpoint.lambda$connect$4(LanguageEndpoint.xtend:61)
	at io.typefox.lsapi.services.json.StreamMessageReader$1.apply(StreamMessageReader.java:45)
	at io.typefox.lsapi.services.json.StreamMessageReader$1.apply(StreamMessageReader.java:43)
	at io.typefox.lsapi.services.json.StreamMessageReader.handleMessage(StreamMessageReader.xtend:128)
	at io.typefox.lsapi.services.json.StreamMessageReader.listen(StreamMessageReader.xtend:61)
	at io.typefox.lsapi.services.transport.AbstractLanguageEndpoint.connect(LanguageEndpoint.xtend:60)
	at org.javacs.Main.run(Main.java:150)
	at org.javacs.Main.main(Main.java:69)

SEVERE	?	main	2016-09-09T14:30:00.445Z	org.javacs.Main$4#onError	Illegal char <<> at index 0: <?xml version="1.0" encoding="UTF-8"?><classpath>	<classpathentry kind="src" path="src"/>	<classpathentry kind="con" path="org.eclipse.jdt.launching.JRE_CONTAINER"/>	<classpathentry kind="output" path="bin"/></classpath>
java.nio.file.InvalidPathException: Illegal char <<> at index 0: <?xml version="1.0" encoding="UTF-8"?><classpath>	<classpathentry kind="src" path="src"/>	<classpathentry kind="con" path="org.eclipse.jdt.launching.JRE_CONTAINER"/>	<classpathentry kind="output" path="bin"/></classpath>
	at sun.nio.fs.WindowsPathParser.normalize(Unknown Source)
	at sun.nio.fs.WindowsPathParser.parse(Unknown Source)
	at sun.nio.fs.WindowsPathParser.parse(Unknown Source)
	at sun.nio.fs.WindowsPath.parse(Unknown Source)
	at sun.nio.fs.WindowsFileSystem.getPath(Unknown Source)
	at sun.nio.fs.AbstractPath.resolve(Unknown Source)
	at java.util.stream.ReferencePipeline$3$1.accept(Unknown Source)
	at java.util.Spliterators$ArraySpliterator.forEachRemaining(Unknown Source)
	at java.util.stream.AbstractPipeline.copyInto(Unknown Source)
	at java.util.stream.AbstractPipeline.wrapAndCopyInto(Unknown Source)
	at java.util.stream.ReduceOps$ReduceOp.evaluateSequential(Unknown Source)
	at java.util.stream.AbstractPipeline.evaluate(Unknown Source)
	at java.util.stream.ReferencePipeline.collect(Unknown Source)
	at org.javacs.JavaLanguageServer.readClassPathFile(JavaLanguageServer.java:628)
	at org.javacs.JavaLanguageServer.lambda$readIfConfig$25(JavaLanguageServer.java:513)
	at java.util.Optional.map(Unknown Source)
	at org.javacs.JavaLanguageServer.readIfConfig(JavaLanguageServer.java:511)
	at org.javacs.JavaLanguageServer.doFindConfig(JavaLanguageServer.java:494)
	at java.util.HashMap.computeIfAbsent(Unknown Source)
	at org.javacs.JavaLanguageServer.findConfig(JavaLanguageServer.java:489)
	at org.javacs.JavaLanguageServer.findCompiler(JavaLanguageServer.java:454)
	at org.javacs.JavaLanguageServer.doHover(JavaLanguageServer.java:875)
	at org.javacs.JavaLanguageServer$1.hover(JavaLanguageServer.java:125)
	at io.typefox.lsapi.services.transport.server.LanguageServerEndpoint._doAccept(LanguageServerEndpoint.xtend:130)
	at io.typefox.lsapi.services.transport.server.LanguageServerEndpoint.doAccept(LanguageServerEndpoint.xtend:117)
	at io.typefox.lsapi.services.transport.server.LanguageServerEndpoint.accept(LanguageServerEndpoint.xtend:114)
	at io.typefox.lsapi.services.transport.server.LanguageServerEndpoint.accept(LanguageServerEndpoint.xtend)
	at io.typefox.lsapi.services.transport.AbstractLanguageEndpoint.handleMessage(LanguageEndpoint.xtend:67)
	at io.typefox.lsapi.services.transport.AbstractLanguageEndpoint.lambda$connect$4(LanguageEndpoint.xtend:61)
	at io.typefox.lsapi.services.json.StreamMessageReader$1.apply(StreamMessageReader.java:45)
	at io.typefox.lsapi.services.json.StreamMessageReader$1.apply(StreamMessageReader.java:43)
	at io.typefox.lsapi.services.json.StreamMessageReader.handleMessage(StreamMessageReader.xtend:128)
	at io.typefox.lsapi.services.json.StreamMessageReader.listen(StreamMessageReader.xtend:61)
	at io.typefox.lsapi.services.transport.AbstractLanguageEndpoint.connect(LanguageEndpoint.xtend:60)
	at org.javacs.Main.run(Main.java:150)
	at org.javacs.Main.main(Main.java:69)

SEVERE	?	main	2016-09-09T14:30:01.210Z	org.javacs.Main$4#onError	Illegal char <<> at index 0: <?xml version="1.0" encoding="UTF-8"?><classpath>	<classpathentry kind="src" path="src"/>	<classpathentry kind="con" path="org.eclipse.jdt.launching.JRE_CONTAINER"/>	<classpathentry kind="output" path="bin"/></classpath>
java.nio.file.InvalidPathException: Illegal char <<> at index 0: <?xml version="1.0" encoding="UTF-8"?><classpath>	<classpathentry kind="src" path="src"/>	<classpathentry kind="con" path="org.eclipse.jdt.launching.JRE_CONTAINER"/>	<classpathentry kind="output" path="bin"/></classpath>
	at sun.nio.fs.WindowsPathParser.normalize(Unknown Source)
	at sun.nio.fs.WindowsPathParser.parse(Unknown Source)
	at sun.nio.fs.WindowsPathParser.parse(Unknown Source)
	at sun.nio.fs.WindowsPath.parse(Unknown Source)
	at sun.nio.fs.WindowsFileSystem.getPath(Unknown Source)
	at sun.nio.fs.AbstractPath.resolve(Unknown Source)
	at java.util.stream.ReferencePipeline$3$1.accept(Unknown Source)
	at java.util.Spliterators$ArraySpliterator.forEachRemaining(Unknown Source)
	at java.util.stream.AbstractPipeline.copyInto(Unknown Source)
	at java.util.stream.AbstractPipeline.wrapAndCopyInto(Unknown Source)
	at java.util.stream.ReduceOps$ReduceOp.evaluateSequential(Unknown Source)
	at java.util.stream.AbstractPipeline.evaluate(Unknown Source)
	at java.util.stream.ReferencePipeline.collect(Unknown Source)
	at org.javacs.JavaLanguageServer.readClassPathFile(JavaLanguageServer.java:628)
	at org.javacs.JavaLanguageServer.lambda$readIfConfig$25(JavaLanguageServer.java:513)
	at java.util.Optional.map(Unknown Source)
	at org.javacs.JavaLanguageServer.readIfConfig(JavaLanguageServer.java:511)
	at org.javacs.JavaLanguageServer.doFindConfig(JavaLanguageServer.java:494)
	at java.util.HashMap.computeIfAbsent(Unknown Source)
	at org.javacs.JavaLanguageServer.findConfig(JavaLanguageServer.java:489)
	at org.javacs.JavaLanguageServer.findCompiler(JavaLanguageServer.java:454)
	at org.javacs.JavaLanguageServer.doHover(JavaLanguageServer.java:875)
	at org.javacs.JavaLanguageServer$1.hover(JavaLanguageServer.java:125)
	at io.typefox.lsapi.services.transport.server.LanguageServerEndpoint._doAccept(LanguageServerEndpoint.xtend:130)
	at io.typefox.lsapi.services.transport.server.LanguageServerEndpoint.doAccept(LanguageServerEndpoint.xtend:117)
	at io.typefox.lsapi.services.transport.server.LanguageServerEndpoint.accept(LanguageServerEndpoint.xtend:114)
	at io.typefox.lsapi.services.transport.server.LanguageServerEndpoint.accept(LanguageServerEndpoint.xtend)
	at io.typefox.lsapi.services.transport.AbstractLanguageEndpoint.handleMessage(LanguageEndpoint.xtend:67)
	at io.typefox.lsapi.services.transport.AbstractLanguageEndpoint.lambda$connect$4(LanguageEndpoint.xtend:61)
	at io.typefox.lsapi.services.json.StreamMessageReader$1.apply(StreamMessageReader.java:45)
	at io.typefox.lsapi.services.json.StreamMessageReader$1.apply(StreamMessageReader.java:43)
	at io.typefox.lsapi.services.json.StreamMessageReader.handleMessage(StreamMessageReader.xtend:128)
	at io.typefox.lsapi.services.json.StreamMessageReader.listen(StreamMessageReader.xtend:61)
	at io.typefox.lsapi.services.transport.AbstractLanguageEndpoint.connect(LanguageEndpoint.xtend:60)
	at org.javacs.Main.run(Main.java:150)
	at org.javacs.Main.main(Main.java:69)

SEVERE	?	main	2016-09-09T14:30:01.976Z	org.javacs.Main$4#onError	Illegal char <<> at index 0: <?xml version="1.0" encoding="UTF-8"?><classpath>	<classpathentry kind="src" path="src"/>	<classpathentry kind="con" path="org.eclipse.jdt.launching.JRE_CONTAINER"/>	<classpathentry kind="output" path="bin"/></classpath>
java.nio.file.InvalidPathException: Illegal char <<> at index 0: <?xml version="1.0" encoding="UTF-8"?><classpath>	<classpathentry kind="src" path="src"/>	<classpathentry kind="con" path="org.eclipse.jdt.launching.JRE_CONTAINER"/>	<classpathentry kind="output" path="bin"/></classpath>
	at sun.nio.fs.WindowsPathParser.normalize(Unknown Source)
	at sun.nio.fs.WindowsPathParser.parse(Unknown Source)
	at sun.nio.fs.WindowsPathParser.parse(Unknown Source)
	at sun.nio.fs.WindowsPath.parse(Unknown Source)
	at sun.nio.fs.WindowsFileSystem.getPath(Unknown Source)
	at sun.nio.fs.AbstractPath.resolve(Unknown Source)
	at java.util.stream.ReferencePipeline$3$1.accept(Unknown Source)
	at java.util.Spliterators$ArraySpliterator.forEachRemaining(Unknown Source)
	at java.util.stream.AbstractPipeline.copyInto(Unknown Source)
	at java.util.stream.AbstractPipeline.wrapAndCopyInto(Unknown Source)
	at java.util.stream.ReduceOps$ReduceOp.evaluateSequential(Unknown Source)
	at java.util.stream.AbstractPipeline.evaluate(Unknown Source)
	at java.util.stream.ReferencePipeline.collect(Unknown Source)
	at org.javacs.JavaLanguageServer.readClassPathFile(JavaLanguageServer.java:628)
	at org.javacs.JavaLanguageServer.lambda$readIfConfig$25(JavaLanguageServer.java:513)
	at java.util.Optional.map(Unknown Source)
	at org.javacs.JavaLanguageServer.readIfConfig(JavaLanguageServer.java:511)
	at org.javacs.JavaLanguageServer.doFindConfig(JavaLanguageServer.java:494)
	at java.util.HashMap.computeIfAbsent(Unknown Source)
	at org.javacs.JavaLanguageServer.findConfig(JavaLanguageServer.java:489)
	at org.javacs.JavaLanguageServer.findCompiler(JavaLanguageServer.java:454)
	at org.javacs.JavaLanguageServer.doHover(JavaLanguageServer.java:875)
	at org.javacs.JavaLanguageServer$1.hover(JavaLanguageServer.java:125)
	at io.typefox.lsapi.services.transport.server.LanguageServerEndpoint._doAccept(LanguageServerEndpoint.xtend:130)
	at io.typefox.lsapi.services.transport.server.LanguageServerEndpoint.doAccept(LanguageServerEndpoint.xtend:117)
	at io.typefox.lsapi.services.transport.server.LanguageServerEndpoint.accept(LanguageServerEndpoint.xtend:114)
	at io.typefox.lsapi.services.transport.server.LanguageServerEndpoint.accept(LanguageServerEndpoint.xtend)
	at io.typefox.lsapi.services.transport.AbstractLanguageEndpoint.handleMessage(LanguageEndpoint.xtend:67)
	at io.typefox.lsapi.services.transport.AbstractLanguageEndpoint.lambda$connect$4(LanguageEndpoint.xtend:61)
	at io.typefox.lsapi.services.json.StreamMessageReader$1.apply(StreamMessageReader.java:45)
	at io.typefox.lsapi.services.json.StreamMessageReader$1.apply(StreamMessageReader.java:43)
	at io.typefox.lsapi.services.json.StreamMessageReader.handleMessage(StreamMessageReader.xtend:128)
	at io.typefox.lsapi.services.json.StreamMessageReader.listen(StreamMessageReader.xtend:61)
	at io.typefox.lsapi.services.transport.AbstractLanguageEndpoint.connect(LanguageEndpoint.xtend:60)
	at org.javacs.Main.run(Main.java:150)
	at org.javacs.Main.main(Main.java:69)

SEVERE	?	main	2016-09-09T14:30:02.741Z	org.javacs.Main$4#onError	Illegal char <<> at index 0: <?xml version="1.0" encoding="UTF-8"?><classpath>	<classpathentry kind="src" path="src"/>	<classpathentry kind="con" path="org.eclipse.jdt.launching.JRE_CONTAINER"/>	<classpathentry kind="output" path="bin"/></classpath>
java.nio.file.InvalidPathException: Illegal char <<> at index 0: <?xml version="1.0" encoding="UTF-8"?><classpath>	<classpathentry kind="src" path="src"/>	<classpathentry kind="con" path="org.eclipse.jdt.launching.JRE_CONTAINER"/>	<classpathentry kind="output" path="bin"/></classpath>
	at sun.nio.fs.WindowsPathParser.normalize(Unknown Source)
	at sun.nio.fs.WindowsPathParser.parse(Unknown Source)
	at sun.nio.fs.WindowsPathParser.parse(Unknown Source)
	at sun.nio.fs.WindowsPath.parse(Unknown Source)
	at sun.nio.fs.WindowsFileSystem.getPath(Unknown Source)
	at sun.nio.fs.AbstractPath.resolve(Unknown Source)
	at java.util.stream.ReferencePipeline$3$1.accept(Unknown Source)
	at java.util.Spliterators$ArraySpliterator.forEachRemaining(Unknown Source)
	at java.util.stream.AbstractPipeline.copyInto(Unknown Source)
	at java.util.stream.AbstractPipeline.wrapAndCopyInto(Unknown Source)
	at java.util.stream.ReduceOps$ReduceOp.evaluateSequential(Unknown Source)
	at java.util.stream.AbstractPipeline.evaluate(Unknown Source)
	at java.util.stream.ReferencePipeline.collect(Unknown Source)
	at org.javacs.JavaLanguageServer.readClassPathFile(JavaLanguageServer.java:628)
	at org.javacs.JavaLanguageServer.lambda$readIfConfig$25(JavaLanguageServer.java:513)
	at java.util.Optional.map(Unknown Source)
	at org.javacs.JavaLanguageServer.readIfConfig(JavaLanguageServer.java:511)
	at org.javacs.JavaLanguageServer.doFindConfig(JavaLanguageServer.java:494)
	at java.util.HashMap.computeIfAbsent(Unknown Source)
	at org.javacs.JavaLanguageServer.findConfig(JavaLanguageServer.java:489)
	at org.javacs.JavaLanguageServer.findCompiler(JavaLanguageServer.java:454)
	at org.javacs.JavaLanguageServer.doHover(JavaLanguageServer.java:875)
	at org.javacs.JavaLanguageServer$1.hover(JavaLanguageServer.java:125)
	at io.typefox.lsapi.services.transport.server.LanguageServerEndpoint._doAccept(LanguageServerEndpoint.xtend:130)
	at io.typefox.lsapi.services.transport.server.LanguageServerEndpoint.doAccept(LanguageServerEndpoint.xtend:117)
	at io.typefox.lsapi.services.transport.server.LanguageServerEndpoint.accept(LanguageServerEndpoint.xtend:114)
	at io.typefox.lsapi.services.transport.server.LanguageServerEndpoint.accept(LanguageServerEndpoint.xtend)
	at io.typefox.lsapi.services.transport.AbstractLanguageEndpoint.handleMessage(LanguageEndpoint.xtend:67)
	at io.typefox.lsapi.services.transport.AbstractLanguageEndpoint.lambda$connect$4(LanguageEndpoint.xtend:61)
	at io.typefox.lsapi.services.json.StreamMessageReader$1.apply(StreamMessageReader.java:45)
	at io.typefox.lsapi.services.json.StreamMessageReader$1.apply(StreamMessageReader.java:43)
	at io.typefox.lsapi.services.json.StreamMessageReader.handleMessage(StreamMessageReader.xtend:128)
	at io.typefox.lsapi.services.json.StreamMessageReader.listen(StreamMessageReader.xtend:61)
	at io.typefox.lsapi.services.transport.AbstractLanguageEndpoint.connect(LanguageEndpoint.xtend:60)
	at org.javacs.Main.run(Main.java:150)
	at org.javacs.Main.main(Main.java:69)

SEVERE	?	main	2016-09-09T14:30:03.506Z	org.javacs.Main$4#onError	Illegal char <<> at index 0: <?xml version="1.0" encoding="UTF-8"?><classpath>	<classpathentry kind="src" path="src"/>	<classpathentry kind="con" path="org.eclipse.jdt.launching.JRE_CONTAINER"/>	<classpathentry kind="output" path="bin"/></classpath>
java.nio.file.InvalidPathException: Illegal char <<> at index 0: <?xml version="1.0" encoding="UTF-8"?><classpath>	<classpathentry kind="src" path="src"/>	<classpathentry kind="con" path="org.eclipse.jdt.launching.JRE_CONTAINER"/>	<classpathentry kind="output" path="bin"/></classpath>
	at sun.nio.fs.WindowsPathParser.normalize(Unknown Source)
	at sun.nio.fs.WindowsPathParser.parse(Unknown Source)
	at sun.nio.fs.WindowsPathParser.parse(Unknown Source)
	at sun.nio.fs.WindowsPath.parse(Unknown Source)
	at sun.nio.fs.WindowsFileSystem.getPath(Unknown Source)
	at sun.nio.fs.AbstractPath.resolve(Unknown Source)
	at java.util.stream.ReferencePipeline$3$1.accept(Unknown Source)
	at java.util.Spliterators$ArraySpliterator.forEachRemaining(Unknown Source)
	at java.util.stream.AbstractPipeline.copyInto(Unknown Source)
	at java.util.stream.AbstractPipeline.wrapAndCopyInto(Unknown Source)
	at java.util.stream.ReduceOps$ReduceOp.evaluateSequential(Unknown Source)
	at java.util.stream.AbstractPipeline.evaluate(Unknown Source)
	at java.util.stream.ReferencePipeline.collect(Unknown Source)
	at org.javacs.JavaLanguageServer.readClassPathFile(JavaLanguageServer.java:628)
	at org.javacs.JavaLanguageServer.lambda$readIfConfig$25(JavaLanguageServer.java:513)
	at java.util.Optional.map(Unknown Source)
	at org.javacs.JavaLanguageServer.readIfConfig(JavaLanguageServer.java:511)
	at org.javacs.JavaLanguageServer.doFindConfig(JavaLanguageServer.java:494)
	at java.util.HashMap.computeIfAbsent(Unknown Source)
	at org.javacs.JavaLanguageServer.findConfig(JavaLanguageServer.java:489)
	at org.javacs.JavaLanguageServer.findCompiler(JavaLanguageServer.java:454)
	at org.javacs.JavaLanguageServer.doHover(JavaLanguageServer.java:875)
	at org.javacs.JavaLanguageServer$1.hover(JavaLanguageServer.java:125)
	at io.typefox.lsapi.services.transport.server.LanguageServerEndpoint._doAccept(LanguageServerEndpoint.xtend:130)
	at io.typefox.lsapi.services.transport.server.LanguageServerEndpoint.doAccept(LanguageServerEndpoint.xtend:117)
	at io.typefox.lsapi.services.transport.server.LanguageServerEndpoint.accept(LanguageServerEndpoint.xtend:114)
	at io.typefox.lsapi.services.transport.server.LanguageServerEndpoint.accept(LanguageServerEndpoint.xtend)
	at io.typefox.lsapi.services.transport.AbstractLanguageEndpoint.handleMessage(LanguageEndpoint.xtend:67)
	at io.typefox.lsapi.services.transport.AbstractLanguageEndpoint.lambda$connect$4(LanguageEndpoint.xtend:61)
	at io.typefox.lsapi.services.json.StreamMessageReader$1.apply(StreamMessageReader.java:45)
	at io.typefox.lsapi.services.json.StreamMessageReader$1.apply(StreamMessageReader.java:43)
	at io.typefox.lsapi.services.json.StreamMessageReader.handleMessage(StreamMessageReader.xtend:128)
	at io.typefox.lsapi.services.json.StreamMessageReader.listen(StreamMessageReader.xtend:61)
	at io.typefox.lsapi.services.transport.AbstractLanguageEndpoint.connect(LanguageEndpoint.xtend:60)
	at org.javacs.Main.run(Main.java:150)
	at org.javacs.Main.main(Main.java:69)

SEVERE	?	main	2016-09-09T14:30:04.272Z	org.javacs.Main$4#onError	Illegal char <<> at index 0: <?xml version="1.0" encoding="UTF-8"?><classpath>	<classpathentry kind="src" path="src"/>	<classpathentry kind="con" path="org.eclipse.jdt.launching.JRE_CONTAINER"/>	<classpathentry kind="output" path="bin"/></classpath>
java.nio.file.InvalidPathException: Illegal char <<> at index 0: <?xml version="1.0" encoding="UTF-8"?><classpath>	<classpathentry kind="src" path="src"/>	<classpathentry kind="con" path="org.eclipse.jdt.launching.JRE_CONTAINER"/>	<classpathentry kind="output" path="bin"/></classpath>
	at sun.nio.fs.WindowsPathParser.normalize(Unknown Source)
	at sun.nio.fs.WindowsPathParser.parse(Unknown Source)
	at sun.nio.fs.WindowsPathParser.parse(Unknown Source)
	at sun.nio.fs.WindowsPath.parse(Unknown Source)
	at sun.nio.fs.WindowsFileSystem.getPath(Unknown Source)
	at sun.nio.fs.AbstractPath.resolve(Unknown Source)
	at java.util.stream.ReferencePipeline$3$1.accept(Unknown Source)
	at java.util.Spliterators$ArraySpliterator.forEachRemaining(Unknown Source)
	at java.util.stream.AbstractPipeline.copyInto(Unknown Source)
	at java.util.stream.AbstractPipeline.wrapAndCopyInto(Unknown Source)
	at java.util.stream.ReduceOps$ReduceOp.evaluateSequential(Unknown Source)
	at java.util.stream.AbstractPipeline.evaluate(Unknown Source)
	at java.util.stream.ReferencePipeline.collect(Unknown Source)
	at org.javacs.JavaLanguageServer.readClassPathFile(JavaLanguageServer.java:628)
	at org.javacs.JavaLanguageServer.lambda$readIfConfig$25(JavaLanguageServer.java:513)
	at java.util.Optional.map(Unknown Source)
	at org.javacs.JavaLanguageServer.readIfConfig(JavaLanguageServer.java:511)
	at org.javacs.JavaLanguageServer.doFindConfig(JavaLanguageServer.java:494)
	at java.util.HashMap.computeIfAbsent(Unknown Source)
	at org.javacs.JavaLanguageServer.findConfig(JavaLanguageServer.java:489)
	at org.javacs.JavaLanguageServer.findCompiler(JavaLanguageServer.java:454)
	at org.javacs.JavaLanguageServer.doHover(JavaLanguageServer.java:875)
	at org.javacs.JavaLanguageServer$1.hover(JavaLanguageServer.java:125)
	at io.typefox.lsapi.services.transport.server.LanguageServerEndpoint._doAccept(LanguageServerEndpoint.xtend:130)
	at io.typefox.lsapi.services.transport.server.LanguageServerEndpoint.doAccept(LanguageServerEndpoint.xtend:117)
	at io.typefox.lsapi.services.transport.server.LanguageServerEndpoint.accept(LanguageServerEndpoint.xtend:114)
	at io.typefox.lsapi.services.transport.server.LanguageServerEndpoint.accept(LanguageServerEndpoint.xtend)
	at io.typefox.lsapi.services.transport.AbstractLanguageEndpoint.handleMessage(LanguageEndpoint.xtend:67)
	at io.typefox.lsapi.services.transport.AbstractLanguageEndpoint.lambda$connect$4(LanguageEndpoint.xtend:61)
	at io.typefox.lsapi.services.json.StreamMessageReader$1.apply(StreamMessageReader.java:45)
	at io.typefox.lsapi.services.json.StreamMessageReader$1.apply(StreamMessageReader.java:43)
	at io.typefox.lsapi.services.json.StreamMessageReader.handleMessage(StreamMessageReader.xtend:128)
	at io.typefox.lsapi.services.json.StreamMessageReader.listen(StreamMessageReader.xtend:61)
	at io.typefox.lsapi.services.transport.AbstractLanguageEndpoint.connect(LanguageEndpoint.xtend:60)
	at org.javacs.Main.run(Main.java:150)
	at org.javacs.Main.main(Main.java:69)

SEVERE	?	main	2016-09-09T14:30:05.046Z	org.javacs.Main$4#onError	Illegal char <<> at index 0: <?xml version="1.0" encoding="UTF-8"?><classpath>	<classpathentry kind="src" path="src"/>	<classpathentry kind="con" path="org.eclipse.jdt.launching.JRE_CONTAINER"/>	<classpathentry kind="output" path="bin"/></classpath>
java.nio.file.InvalidPathException: Illegal char <<> at index 0: <?xml version="1.0" encoding="UTF-8"?><classpath>	<classpathentry kind="src" path="src"/>	<classpathentry kind="con" path="org.eclipse.jdt.launching.JRE_CONTAINER"/>	<classpathentry kind="output" path="bin"/></classpath>
	at sun.nio.fs.WindowsPathParser.normalize(Unknown Source)
	at sun.nio.fs.WindowsPathParser.parse(Unknown Source)
	at sun.nio.fs.WindowsPathParser.parse(Unknown Source)
	at sun.nio.fs.WindowsPath.parse(Unknown Source)
	at sun.nio.fs.WindowsFileSystem.getPath(Unknown Source)
	at sun.nio.fs.AbstractPath.resolve(Unknown Source)
	at java.util.stream.ReferencePipeline$3$1.accept(Unknown Source)
	at java.util.Spliterators$ArraySpliterator.forEachRemaining(Unknown Source)
	at java.util.stream.AbstractPipeline.copyInto(Unknown Source)
	at java.util.stream.AbstractPipeline.wrapAndCopyInto(Unknown Source)
	at java.util.stream.ReduceOps$ReduceOp.evaluateSequential(Unknown Source)
	at java.util.stream.AbstractPipeline.evaluate(Unknown Source)
	at java.util.stream.ReferencePipeline.collect(Unknown Source)
	at org.javacs.JavaLanguageServer.readClassPathFile(JavaLanguageServer.java:628)
	at org.javacs.JavaLanguageServer.lambda$readIfConfig$25(JavaLanguageServer.java:513)
	at java.util.Optional.map(Unknown Source)
	at org.javacs.JavaLanguageServer.readIfConfig(JavaLanguageServer.java:511)
	at org.javacs.JavaLanguageServer.doFindConfig(JavaLanguageServer.java:494)
	at java.util.HashMap.computeIfAbsent(Unknown Source)
	at org.javacs.JavaLanguageServer.findConfig(JavaLanguageServer.java:489)
	at org.javacs.JavaLanguageServer.findCompiler(JavaLanguageServer.java:454)
	at org.javacs.JavaLanguageServer.doHover(JavaLanguageServer.java:875)
	at org.javacs.JavaLanguageServer$1.hover(JavaLanguageServer.java:125)
	at io.typefox.lsapi.services.transport.server.LanguageServerEndpoint._doAccept(LanguageServerEndpoint.xtend:130)
	at io.typefox.lsapi.services.transport.server.LanguageServerEndpoint.doAccept(LanguageServerEndpoint.xtend:117)
	at io.typefox.lsapi.services.transport.server.LanguageServerEndpoint.accept(LanguageServerEndpoint.xtend:114)
	at io.typefox.lsapi.services.transport.server.LanguageServerEndpoint.accept(LanguageServerEndpoint.xtend)
	at io.typefox.lsapi.services.transport.AbstractLanguageEndpoint.handleMessage(LanguageEndpoint.xtend:67)
	at io.typefox.lsapi.services.transport.AbstractLanguageEndpoint.lambda$connect$4(LanguageEndpoint.xtend:61)
	at io.typefox.lsapi.services.json.StreamMessageReader$1.apply(StreamMessageReader.java:45)
	at io.typefox.lsapi.services.json.StreamMessageReader$1.apply(StreamMessageReader.java:43)
	at io.typefox.lsapi.services.json.StreamMessageReader.handleMessage(StreamMessageReader.xtend:128)
	at io.typefox.lsapi.services.json.StreamMessageReader.listen(StreamMessageReader.xtend:61)
	at io.typefox.lsapi.services.transport.AbstractLanguageEndpoint.connect(LanguageEndpoint.xtend:60)
	at org.javacs.Main.run(Main.java:150)
	at org.javacs.Main.main(Main.java:69)

SEVERE	?	main	2016-09-09T14:30:05.805Z	org.javacs.Main$4#onError	Illegal char <<> at index 0: <?xml version="1.0" encoding="UTF-8"?><classpath>	<classpathentry kind="src" path="src"/>	<classpathentry kind="con" path="org.eclipse.jdt.launching.JRE_CONTAINER"/>	<classpathentry kind="output" path="bin"/></classpath>
java.nio.file.InvalidPathException: Illegal char <<> at index 0: <?xml version="1.0" encoding="UTF-8"?><classpath>	<classpathentry kind="src" path="src"/>	<classpathentry kind="con" path="org.eclipse.jdt.launching.JRE_CONTAINER"/>	<classpathentry kind="output" path="bin"/></classpath>
	at sun.nio.fs.WindowsPathParser.normalize(Unknown Source)
	at sun.nio.fs.WindowsPathParser.parse(Unknown Source)
	at sun.nio.fs.WindowsPathParser.parse(Unknown Source)
	at sun.nio.fs.WindowsPath.parse(Unknown Source)
	at sun.nio.fs.WindowsFileSystem.getPath(Unknown Source)
	at sun.nio.fs.AbstractPath.resolve(Unknown Source)
	at java.util.stream.ReferencePipeline$3$1.accept(Unknown Source)
	at java.util.Spliterators$ArraySpliterator.forEachRemaining(Unknown Source)
	at java.util.stream.AbstractPipeline.copyInto(Unknown Source)
	at java.util.stream.AbstractPipeline.wrapAndCopyInto(Unknown Source)
	at java.util.stream.ReduceOps$ReduceOp.evaluateSequential(Unknown Source)
	at java.util.stream.AbstractPipeline.evaluate(Unknown Source)
	at java.util.stream.ReferencePipeline.collect(Unknown Source)
	at org.javacs.JavaLanguageServer.readClassPathFile(JavaLanguageServer.java:628)
	at org.javacs.JavaLanguageServer.lambda$readIfConfig$25(JavaLanguageServer.java:513)
	at java.util.Optional.map(Unknown Source)
	at org.javacs.JavaLanguageServer.readIfConfig(JavaLanguageServer.java:511)
	at org.javacs.JavaLanguageServer.doFindConfig(JavaLanguageServer.java:494)
	at java.util.HashMap.computeIfAbsent(Unknown Source)
	at org.javacs.JavaLanguageServer.findConfig(JavaLanguageServer.java:489)
	at org.javacs.JavaLanguageServer.findCompiler(JavaLanguageServer.java:454)
	at org.javacs.JavaLanguageServer.doHover(JavaLanguageServer.java:875)
	at org.javacs.JavaLanguageServer$1.hover(JavaLanguageServer.java:125)
	at io.typefox.lsapi.services.transport.server.LanguageServerEndpoint._doAccept(LanguageServerEndpoint.xtend:130)
	at io.typefox.lsapi.services.transport.server.LanguageServerEndpoint.doAccept(LanguageServerEndpoint.xtend:117)
	at io.typefox.lsapi.services.transport.server.LanguageServerEndpoint.accept(LanguageServerEndpoint.xtend:114)
	at io.typefox.lsapi.services.transport.server.LanguageServerEndpoint.accept(LanguageServerEndpoint.xtend)
	at io.typefox.lsapi.services.transport.AbstractLanguageEndpoint.handleMessage(LanguageEndpoint.xtend:67)
	at io.typefox.lsapi.services.transport.AbstractLanguageEndpoint.lambda$connect$4(LanguageEndpoint.xtend:61)
	at io.typefox.lsapi.services.json.StreamMessageReader$1.apply(StreamMessageReader.java:45)
	at io.typefox.lsapi.services.json.StreamMessageReader$1.apply(StreamMessageReader.java:43)
	at io.typefox.lsapi.services.json.StreamMessageReader.handleMessage(StreamMessageReader.xtend:128)
	at io.typefox.lsapi.services.json.StreamMessageReader.listen(StreamMessageReader.xtend:61)
	at io.typefox.lsapi.services.transport.AbstractLanguageEndpoint.connect(LanguageEndpoint.xtend:60)
	at org.javacs.Main.run(Main.java:150)
	at org.javacs.Main.main(Main.java:69)

SEVERE	?	main	2016-09-09T14:30:06.588Z	org.javacs.Main$4#onError	Illegal char <<> at index 0: <?xml version="1.0" encoding="UTF-8"?><classpath>	<classpathentry kind="src" path="src"/>	<classpathentry kind="con" path="org.eclipse.jdt.launching.JRE_CONTAINER"/>	<classpathentry kind="output" path="bin"/></classpath>
java.nio.file.InvalidPathException: Illegal char <<> at index 0: <?xml version="1.0" encoding="UTF-8"?><classpath>	<classpathentry kind="src" path="src"/>	<classpathentry kind="con" path="org.eclipse.jdt.launching.JRE_CONTAINER"/>	<classpathentry kind="output" path="bin"/></classpath>
	at sun.nio.fs.WindowsPathParser.normalize(Unknown Source)
	at sun.nio.fs.WindowsPathParser.parse(Unknown Source)
	at sun.nio.fs.WindowsPathParser.parse(Unknown Source)
	at sun.nio.fs.WindowsPath.parse(Unknown Source)
	at sun.nio.fs.WindowsFileSystem.getPath(Unknown Source)
	at sun.nio.fs.AbstractPath.resolve(Unknown Source)
	at java.util.stream.ReferencePipeline$3$1.accept(Unknown Source)
	at java.util.Spliterators$ArraySpliterator.forEachRemaining(Unknown Source)
	at java.util.stream.AbstractPipeline.copyInto(Unknown Source)
	at java.util.stream.AbstractPipeline.wrapAndCopyInto(Unknown Source)
	at java.util.stream.ReduceOps$ReduceOp.evaluateSequential(Unknown Source)
	at java.util.stream.AbstractPipeline.evaluate(Unknown Source)
	at java.util.stream.ReferencePipeline.collect(Unknown Source)
	at org.javacs.JavaLanguageServer.readClassPathFile(JavaLanguageServer.java:628)
	at org.javacs.JavaLanguageServer.lambda$readIfConfig$25(JavaLanguageServer.java:513)
	at java.util.Optional.map(Unknown Source)
	at org.javacs.JavaLanguageServer.readIfConfig(JavaLanguageServer.java:511)
	at org.javacs.JavaLanguageServer.doFindConfig(JavaLanguageServer.java:494)
	at java.util.HashMap.computeIfAbsent(Unknown Source)
	at org.javacs.JavaLanguageServer.findConfig(JavaLanguageServer.java:489)
	at org.javacs.JavaLanguageServer.findCompiler(JavaLanguageServer.java:454)
	at org.javacs.JavaLanguageServer.doHover(JavaLanguageServer.java:875)
	at org.javacs.JavaLanguageServer$1.hover(JavaLanguageServer.java:125)
	at io.typefox.lsapi.services.transport.server.LanguageServerEndpoint._doAccept(LanguageServerEndpoint.xtend:130)
	at io.typefox.lsapi.services.transport.server.LanguageServerEndpoint.doAccept(LanguageServerEndpoint.xtend:117)
	at io.typefox.lsapi.services.transport.server.LanguageServerEndpoint.accept(LanguageServerEndpoint.xtend:114)
	at io.typefox.lsapi.services.transport.server.LanguageServerEndpoint.accept(LanguageServerEndpoint.xtend)
	at io.typefox.lsapi.services.transport.AbstractLanguageEndpoint.handleMessage(LanguageEndpoint.xtend:67)
	at io.typefox.lsapi.services.transport.AbstractLanguageEndpoint.lambda$connect$4(LanguageEndpoint.xtend:61)
	at io.typefox.lsapi.services.json.StreamMessageReader$1.apply(StreamMessageReader.java:45)
	at io.typefox.lsapi.services.json.StreamMessageReader$1.apply(StreamMessageReader.java:43)
	at io.typefox.lsapi.services.json.StreamMessageReader.handleMessage(StreamMessageReader.xtend:128)
	at io.typefox.lsapi.services.json.StreamMessageReader.listen(StreamMessageReader.xtend:61)
	at io.typefox.lsapi.services.transport.AbstractLanguageEndpoint.connect(LanguageEndpoint.xtend:60)
	at org.javacs.Main.run(Main.java:150)
	at org.javacs.Main.main(Main.java:69)

SEVERE	?	main	2016-09-09T14:30:07.349Z	org.javacs.Main$4#onError	Illegal char <<> at index 0: <?xml version="1.0" encoding="UTF-8"?><classpath>	<classpathentry kind="src" path="src"/>	<classpathentry kind="con" path="org.eclipse.jdt.launching.JRE_CONTAINER"/>	<classpathentry kind="output" path="bin"/></classpath>
java.nio.file.InvalidPathException: Illegal char <<> at index 0: <?xml version="1.0" encoding="UTF-8"?><classpath>	<classpathentry kind="src" path="src"/>	<classpathentry kind="con" path="org.eclipse.jdt.launching.JRE_CONTAINER"/>	<classpathentry kind="output" path="bin"/></classpath>
	at sun.nio.fs.WindowsPathParser.normalize(Unknown Source)
	at sun.nio.fs.WindowsPathParser.parse(Unknown Source)
	at sun.nio.fs.WindowsPathParser.parse(Unknown Source)
	at sun.nio.fs.WindowsPath.parse(Unknown Source)
	at sun.nio.fs.WindowsFileSystem.getPath(Unknown Source)
	at sun.nio.fs.AbstractPath.resolve(Unknown Source)
	at java.util.stream.ReferencePipeline$3$1.accept(Unknown Source)
	at java.util.Spliterators$ArraySpliterator.forEachRemaining(Unknown Source)
	at java.util.stream.AbstractPipeline.copyInto(Unknown Source)
	at java.util.stream.AbstractPipeline.wrapAndCopyInto(Unknown Source)
	at java.util.stream.ReduceOps$ReduceOp.evaluateSequential(Unknown Source)
	at java.util.stream.AbstractPipeline.evaluate(Unknown Source)
	at java.util.stream.ReferencePipeline.collect(Unknown Source)
	at org.javacs.JavaLanguageServer.readClassPathFile(JavaLanguageServer.java:628)
	at org.javacs.JavaLanguageServer.lambda$readIfConfig$25(JavaLanguageServer.java:513)
	at java.util.Optional.map(Unknown Source)
	at org.javacs.JavaLanguageServer.readIfConfig(JavaLanguageServer.java:511)
	at org.javacs.JavaLanguageServer.doFindConfig(JavaLanguageServer.java:494)
	at java.util.HashMap.computeIfAbsent(Unknown Source)
	at org.javacs.JavaLanguageServer.findConfig(JavaLanguageServer.java:489)
	at org.javacs.JavaLanguageServer.findCompiler(JavaLanguageServer.java:454)
	at org.javacs.JavaLanguageServer.doHover(JavaLanguageServer.java:875)
	at org.javacs.JavaLanguageServer$1.hover(JavaLanguageServer.java:125)
	at io.typefox.lsapi.services.transport.server.LanguageServerEndpoint._doAccept(LanguageServerEndpoint.xtend:130)
	at io.typefox.lsapi.services.transport.server.LanguageServerEndpoint.doAccept(LanguageServerEndpoint.xtend:117)
	at io.typefox.lsapi.services.transport.server.LanguageServerEndpoint.accept(LanguageServerEndpoint.xtend:114)
	at io.typefox.lsapi.services.transport.server.LanguageServerEndpoint.accept(LanguageServerEndpoint.xtend)
	at io.typefox.lsapi.services.transport.AbstractLanguageEndpoint.handleMessage(LanguageEndpoint.xtend:67)
	at io.typefox.lsapi.services.transport.AbstractLanguageEndpoint.lambda$connect$4(LanguageEndpoint.xtend:61)
	at io.typefox.lsapi.services.json.StreamMessageReader$1.apply(StreamMessageReader.java:45)
	at io.typefox.lsapi.services.json.StreamMessageReader$1.apply(StreamMessageReader.java:43)
	at io.typefox.lsapi.services.json.StreamMessageReader.handleMessage(StreamMessageReader.xtend:128)
	at io.typefox.lsapi.services.json.StreamMessageReader.listen(StreamMessageReader.xtend:61)
	at io.typefox.lsapi.services.transport.AbstractLanguageEndpoint.connect(LanguageEndpoint.xtend:60)
	at org.javacs.Main.run(Main.java:150)
	at org.javacs.Main.main(Main.java:69)

SEVERE	?	main	2016-09-09T14:30:08.133Z	org.javacs.Main$4#onError	Illegal char <<> at index 0: <?xml version="1.0" encoding="UTF-8"?><classpath>	<classpathentry kind="src" path="src"/>	<classpathentry kind="con" path="org.eclipse.jdt.launching.JRE_CONTAINER"/>	<classpathentry kind="output" path="bin"/></classpath>
java.nio.file.InvalidPathException: Illegal char <<> at index 0: <?xml version="1.0" encoding="UTF-8"?><classpath>	<classpathentry kind="src" path="src"/>	<classpathentry kind="con" path="org.eclipse.jdt.launching.JRE_CONTAINER"/>	<classpathentry kind="output" path="bin"/></classpath>
	at sun.nio.fs.WindowsPathParser.normalize(Unknown Source)
	at sun.nio.fs.WindowsPathParser.parse(Unknown Source)
	at sun.nio.fs.WindowsPathParser.parse(Unknown Source)
	at sun.nio.fs.WindowsPath.parse(Unknown Source)
	at sun.nio.fs.WindowsFileSystem.getPath(Unknown Source)
	at sun.nio.fs.AbstractPath.resolve(Unknown Source)
	at java.util.stream.ReferencePipeline$3$1.accept(Unknown Source)
	at java.util.Spliterators$ArraySpliterator.forEachRemaining(Unknown Source)
	at java.util.stream.AbstractPipeline.copyInto(Unknown Source)
	at java.util.stream.AbstractPipeline.wrapAndCopyInto(Unknown Source)
	at java.util.stream.ReduceOps$ReduceOp.evaluateSequential(Unknown Source)
	at java.util.stream.AbstractPipeline.evaluate(Unknown Source)
	at java.util.stream.ReferencePipeline.collect(Unknown Source)
	at org.javacs.JavaLanguageServer.readClassPathFile(JavaLanguageServer.java:628)
	at org.javacs.JavaLanguageServer.lambda$readIfConfig$25(JavaLanguageServer.java:513)
	at java.util.Optional.map(Unknown Source)
	at org.javacs.JavaLanguageServer.readIfConfig(JavaLanguageServer.java:511)
	at org.javacs.JavaLanguageServer.doFindConfig(JavaLanguageServer.java:494)
	at java.util.HashMap.computeIfAbsent(Unknown Source)
	at org.javacs.JavaLanguageServer.findConfig(JavaLanguageServer.java:489)
	at org.javacs.JavaLanguageServer.findCompiler(JavaLanguageServer.java:454)
	at org.javacs.JavaLanguageServer.doHover(JavaLanguageServer.java:875)
	at org.javacs.JavaLanguageServer$1.hover(JavaLanguageServer.java:125)
	at io.typefox.lsapi.services.transport.server.LanguageServerEndpoint._doAccept(LanguageServerEndpoint.xtend:130)
	at io.typefox.lsapi.services.transport.server.LanguageServerEndpoint.doAccept(LanguageServerEndpoint.xtend:117)
	at io.typefox.lsapi.services.transport.server.LanguageServerEndpoint.accept(LanguageServerEndpoint.xtend:114)
	at io.typefox.lsapi.services.transport.server.LanguageServerEndpoint.accept(LanguageServerEndpoint.xtend)
	at io.typefox.lsapi.services.transport.AbstractLanguageEndpoint.handleMessage(LanguageEndpoint.xtend:67)
	at io.typefox.lsapi.services.transport.AbstractLanguageEndpoint.lambda$connect$4(LanguageEndpoint.xtend:61)
	at io.typefox.lsapi.services.json.StreamMessageReader$1.apply(StreamMessageReader.java:45)
	at io.typefox.lsapi.services.json.StreamMessageReader$1.apply(StreamMessageReader.java:43)
	at io.typefox.lsapi.services.json.StreamMessageReader.handleMessage(StreamMessageReader.xtend:128)
	at io.typefox.lsapi.services.json.StreamMessageReader.listen(StreamMessageReader.xtend:61)
	at io.typefox.lsapi.services.transport.AbstractLanguageEndpoint.connect(LanguageEndpoint.xtend:60)
	at org.javacs.Main.run(Main.java:150)
	at org.javacs.Main.main(Main.java:69)

SEVERE	?	main	2016-09-09T14:30:08.896Z	org.javacs.Main$4#onError	Illegal char <<> at index 0: <?xml version="1.0" encoding="UTF-8"?><classpath>	<classpathentry kind="src" path="src"/>	<classpathentry kind="con" path="org.eclipse.jdt.launching.JRE_CONTAINER"/>	<classpathentry kind="output" path="bin"/></classpath>
java.nio.file.InvalidPathException: Illegal char <<> at index 0: <?xml version="1.0" encoding="UTF-8"?><classpath>	<classpathentry kind="src" path="src"/>	<classpathentry kind="con" path="org.eclipse.jdt.launching.JRE_CONTAINER"/>	<classpathentry kind="output" path="bin"/></classpath>
	at sun.nio.fs.WindowsPathParser.normalize(Unknown Source)
	at sun.nio.fs.WindowsPathParser.parse(Unknown Source)
	at sun.nio.fs.WindowsPathParser.parse(Unknown Source)
	at sun.nio.fs.WindowsPath.parse(Unknown Source)
	at sun.nio.fs.WindowsFileSystem.getPath(Unknown Source)
	at sun.nio.fs.AbstractPath.resolve(Unknown Source)
	at java.util.stream.ReferencePipeline$3$1.accept(Unknown Source)
	at java.util.Spliterators$ArraySpliterator.forEachRemaining(Unknown Source)
	at java.util.stream.AbstractPipeline.copyInto(Unknown Source)
	at java.util.stream.AbstractPipeline.wrapAndCopyInto(Unknown Source)
	at java.util.stream.ReduceOps$ReduceOp.evaluateSequential(Unknown Source)
	at java.util.stream.AbstractPipeline.evaluate(Unknown Source)
	at java.util.stream.ReferencePipeline.collect(Unknown Source)
	at org.javacs.JavaLanguageServer.readClassPathFile(JavaLanguageServer.java:628)
	at org.javacs.JavaLanguageServer.lambda$readIfConfig$25(JavaLanguageServer.java:513)
	at java.util.Optional.map(Unknown Source)
	at org.javacs.JavaLanguageServer.readIfConfig(JavaLanguageServer.java:511)
	at org.javacs.JavaLanguageServer.doFindConfig(JavaLanguageServer.java:494)
	at java.util.HashMap.computeIfAbsent(Unknown Source)
	at org.javacs.JavaLanguageServer.findConfig(JavaLanguageServer.java:489)
	at org.javacs.JavaLanguageServer.findCompiler(JavaLanguageServer.java:454)
	at org.javacs.JavaLanguageServer.doHover(JavaLanguageServer.java:875)
	at org.javacs.JavaLanguageServer$1.hover(JavaLanguageServer.java:125)
	at io.typefox.lsapi.services.transport.server.LanguageServerEndpoint._doAccept(LanguageServerEndpoint.xtend:130)
	at io.typefox.lsapi.services.transport.server.LanguageServerEndpoint.doAccept(LanguageServerEndpoint.xtend:117)
	at io.typefox.lsapi.services.transport.server.LanguageServerEndpoint.accept(LanguageServerEndpoint.xtend:114)
	at io.typefox.lsapi.services.transport.server.LanguageServerEndpoint.accept(LanguageServerEndpoint.xtend)
	at io.typefox.lsapi.services.transport.AbstractLanguageEndpoint.handleMessage(LanguageEndpoint.xtend:67)
	at io.typefox.lsapi.services.transport.AbstractLanguageEndpoint.lambda$connect$4(LanguageEndpoint.xtend:61)
	at io.typefox.lsapi.services.json.StreamMessageReader$1.apply(StreamMessageReader.java:45)
	at io.typefox.lsapi.services.json.StreamMessageReader$1.apply(StreamMessageReader.java:43)
	at io.typefox.lsapi.services.json.StreamMessageReader.handleMessage(StreamMessageReader.xtend:128)
	at io.typefox.lsapi.services.json.StreamMessageReader.listen(StreamMessageReader.xtend:61)
	at io.typefox.lsapi.services.transport.AbstractLanguageEndpoint.connect(LanguageEndpoint.xtend:60)
	at org.javacs.Main.run(Main.java:150)
	at org.javacs.Main.main(Main.java:69)

SEVERE	?	main	2016-09-09T14:30:09.679Z	org.javacs.Main$4#onError	Illegal char <<> at index 0: <?xml version="1.0" encoding="UTF-8"?><classpath>	<classpathentry kind="src" path="src"/>	<classpathentry kind="con" path="org.eclipse.jdt.launching.JRE_CONTAINER"/>	<classpathentry kind="output" path="bin"/></classpath>
java.nio.file.InvalidPathException: Illegal char <<> at index 0: <?xml version="1.0" encoding="UTF-8"?><classpath>	<classpathentry kind="src" path="src"/>	<classpathentry kind="con" path="org.eclipse.jdt.launching.JRE_CONTAINER"/>	<classpathentry kind="output" path="bin"/></classpath>
	at sun.nio.fs.WindowsPathParser.normalize(Unknown Source)
	at sun.nio.fs.WindowsPathParser.parse(Unknown Source)
	at sun.nio.fs.WindowsPathParser.parse(Unknown Source)
	at sun.nio.fs.WindowsPath.parse(Unknown Source)
	at sun.nio.fs.WindowsFileSystem.getPath(Unknown Source)
	at sun.nio.fs.AbstractPath.resolve(Unknown Source)
	at java.util.stream.ReferencePipeline$3$1.accept(Unknown Source)
	at java.util.Spliterators$ArraySpliterator.forEachRemaining(Unknown Source)
	at java.util.stream.AbstractPipeline.copyInto(Unknown Source)
	at java.util.stream.AbstractPipeline.wrapAndCopyInto(Unknown Source)
	at java.util.stream.ReduceOps$ReduceOp.evaluateSequential(Unknown Source)
	at java.util.stream.AbstractPipeline.evaluate(Unknown Source)
	at java.util.stream.ReferencePipeline.collect(Unknown Source)
	at org.javacs.JavaLanguageServer.readClassPathFile(JavaLanguageServer.java:628)
	at org.javacs.JavaLanguageServer.lambda$readIfConfig$25(JavaLanguageServer.java:513)
	at java.util.Optional.map(Unknown Source)
	at org.javacs.JavaLanguageServer.readIfConfig(JavaLanguageServer.java:511)
	at org.javacs.JavaLanguageServer.doFindConfig(JavaLanguageServer.java:494)
	at java.util.HashMap.computeIfAbsent(Unknown Source)
	at org.javacs.JavaLanguageServer.findConfig(JavaLanguageServer.java:489)
	at org.javacs.JavaLanguageServer.findCompiler(JavaLanguageServer.java:454)
	at org.javacs.JavaLanguageServer.doHover(JavaLanguageServer.java:875)
	at org.javacs.JavaLanguageServer$1.hover(JavaLanguageServer.java:125)
	at io.typefox.lsapi.services.transport.server.LanguageServerEndpoint._doAccept(LanguageServerEndpoint.xtend:130)
	at io.typefox.lsapi.services.transport.server.LanguageServerEndpoint.doAccept(LanguageServerEndpoint.xtend:117)
	at io.typefox.lsapi.services.transport.server.LanguageServerEndpoint.accept(LanguageServerEndpoint.xtend:114)
	at io.typefox.lsapi.services.transport.server.LanguageServerEndpoint.accept(LanguageServerEndpoint.xtend)
	at io.typefox.lsapi.services.transport.AbstractLanguageEndpoint.handleMessage(LanguageEndpoint.xtend:67)
	at io.typefox.lsapi.services.transport.AbstractLanguageEndpoint.lambda$connect$4(LanguageEndpoint.xtend:61)
	at io.typefox.lsapi.services.json.StreamMessageReader$1.apply(StreamMessageReader.java:45)
	at io.typefox.lsapi.services.json.StreamMessageReader$1.apply(StreamMessageReader.java:43)
	at io.typefox.lsapi.services.json.StreamMessageReader.handleMessage(StreamMessageReader.xtend:128)
	at io.typefox.lsapi.services.json.StreamMessageReader.listen(StreamMessageReader.xtend:61)
	at io.typefox.lsapi.services.transport.AbstractLanguageEndpoint.connect(LanguageEndpoint.xtend:60)
	at org.javacs.Main.run(Main.java:150)
	at org.javacs.Main.main(Main.java:69)

SEVERE	?	main	2016-09-09T14:30:10.440Z	org.javacs.Main$4#onError	Illegal char <<> at index 0: <?xml version="1.0" encoding="UTF-8"?><classpath>	<classpathentry kind="src" path="src"/>	<classpathentry kind="con" path="org.eclipse.jdt.launching.JRE_CONTAINER"/>	<classpathentry kind="output" path="bin"/></classpath>
java.nio.file.InvalidPathException: Illegal char <<> at index 0: <?xml version="1.0" encoding="UTF-8"?><classpath>	<classpathentry kind="src" path="src"/>	<classpathentry kind="con" path="org.eclipse.jdt.launching.JRE_CONTAINER"/>	<classpathentry kind="output" path="bin"/></classpath>
	at sun.nio.fs.WindowsPathParser.normalize(Unknown Source)
	at sun.nio.fs.WindowsPathParser.parse(Unknown Source)
	at sun.nio.fs.WindowsPathParser.parse(Unknown Source)
	at sun.nio.fs.WindowsPath.parse(Unknown Source)
	at sun.nio.fs.WindowsFileSystem.getPath(Unknown Source)
	at sun.nio.fs.AbstractPath.resolve(Unknown Source)
	at java.util.stream.ReferencePipeline$3$1.accept(Unknown Source)
	at java.util.Spliterators$ArraySpliterator.forEachRemaining(Unknown Source)
	at java.util.stream.AbstractPipeline.copyInto(Unknown Source)
	at java.util.stream.AbstractPipeline.wrapAndCopyInto(Unknown Source)
	at java.util.stream.ReduceOps$ReduceOp.evaluateSequential(Unknown Source)
	at java.util.stream.AbstractPipeline.evaluate(Unknown Source)
	at java.util.stream.ReferencePipeline.collect(Unknown Source)
	at org.javacs.JavaLanguageServer.readClassPathFile(JavaLanguageServer.java:628)
	at org.javacs.JavaLanguageServer.lambda$readIfConfig$25(JavaLanguageServer.java:513)
	at java.util.Optional.map(Unknown Source)
	at org.javacs.JavaLanguageServer.readIfConfig(JavaLanguageServer.java:511)
	at org.javacs.JavaLanguageServer.doFindConfig(JavaLanguageServer.java:494)
	at java.util.HashMap.computeIfAbsent(Unknown Source)
	at org.javacs.JavaLanguageServer.findConfig(JavaLanguageServer.java:489)
	at org.javacs.JavaLanguageServer.findCompiler(JavaLanguageServer.java:454)
	at org.javacs.JavaLanguageServer.doHover(JavaLanguageServer.java:875)
	at org.javacs.JavaLanguageServer$1.hover(JavaLanguageServer.java:125)
	at io.typefox.lsapi.services.transport.server.LanguageServerEndpoint._doAccept(LanguageServerEndpoint.xtend:130)
	at io.typefox.lsapi.services.transport.server.LanguageServerEndpoint.doAccept(LanguageServerEndpoint.xtend:117)
	at io.typefox.lsapi.services.transport.server.LanguageServerEndpoint.accept(LanguageServerEndpoint.xtend:114)
	at io.typefox.lsapi.services.transport.server.LanguageServerEndpoint.accept(LanguageServerEndpoint.xtend)
	at io.typefox.lsapi.services.transport.AbstractLanguageEndpoint.handleMessage(LanguageEndpoint.xtend:67)
	at io.typefox.lsapi.services.transport.AbstractLanguageEndpoint.lambda$connect$4(LanguageEndpoint.xtend:61)
	at io.typefox.lsapi.services.json.StreamMessageReader$1.apply(StreamMessageReader.java:45)
	at io.typefox.lsapi.services.json.StreamMessageReader$1.apply(StreamMessageReader.java:43)
	at io.typefox.lsapi.services.json.StreamMessageReader.handleMessage(StreamMessageReader.xtend:128)
	at io.typefox.lsapi.services.json.StreamMessageReader.listen(StreamMessageReader.xtend:61)
	at io.typefox.lsapi.services.transport.AbstractLanguageEndpoint.connect(LanguageEndpoint.xtend:60)
	at org.javacs.Main.run(Main.java:150)
	at org.javacs.Main.main(Main.java:69)

SEVERE	?	main	2016-09-09T14:30:11.224Z	org.javacs.Main$4#onError	Illegal char <<> at index 0: <?xml version="1.0" encoding="UTF-8"?><classpath>	<classpathentry kind="src" path="src"/>	<classpathentry kind="con" path="org.eclipse.jdt.launching.JRE_CONTAINER"/>	<classpathentry kind="output" path="bin"/></classpath>
java.nio.file.InvalidPathException: Illegal char <<> at index 0: <?xml version="1.0" encoding="UTF-8"?><classpath>	<classpathentry kind="src" path="src"/>	<classpathentry kind="con" path="org.eclipse.jdt.launching.JRE_CONTAINER"/>	<classpathentry kind="output" path="bin"/></classpath>
	at sun.nio.fs.WindowsPathParser.normalize(Unknown Source)
	at sun.nio.fs.WindowsPathParser.parse(Unknown Source)
	at sun.nio.fs.WindowsPathParser.parse(Unknown Source)
	at sun.nio.fs.WindowsPath.parse(Unknown Source)
	at sun.nio.fs.WindowsFileSystem.getPath(Unknown Source)
	at sun.nio.fs.AbstractPath.resolve(Unknown Source)
	at java.util.stream.ReferencePipeline$3$1.accept(Unknown Source)
	at java.util.Spliterators$ArraySpliterator.forEachRemaining(Unknown Source)
	at java.util.stream.AbstractPipeline.copyInto(Unknown Source)
	at java.util.stream.AbstractPipeline.wrapAndCopyInto(Unknown Source)
	at java.util.stream.ReduceOps$ReduceOp.evaluateSequential(Unknown Source)
	at java.util.stream.AbstractPipeline.evaluate(Unknown Source)
	at java.util.stream.ReferencePipeline.collect(Unknown Source)
	at org.javacs.JavaLanguageServer.readClassPathFile(JavaLanguageServer.java:628)
	at org.javacs.JavaLanguageServer.lambda$readIfConfig$25(JavaLanguageServer.java:513)
	at java.util.Optional.map(Unknown Source)
	at org.javacs.JavaLanguageServer.readIfConfig(JavaLanguageServer.java:511)
	at org.javacs.JavaLanguageServer.doFindConfig(JavaLanguageServer.java:494)
	at java.util.HashMap.computeIfAbsent(Unknown Source)
	at org.javacs.JavaLanguageServer.findConfig(JavaLanguageServer.java:489)
	at org.javacs.JavaLanguageServer.findCompiler(JavaLanguageServer.java:454)
	at org.javacs.JavaLanguageServer.doHover(JavaLanguageServer.java:875)
	at org.javacs.JavaLanguageServer$1.hover(JavaLanguageServer.java:125)
	at io.typefox.lsapi.services.transport.server.LanguageServerEndpoint._doAccept(LanguageServerEndpoint.xtend:130)
	at io.typefox.lsapi.services.transport.server.LanguageServerEndpoint.doAccept(LanguageServerEndpoint.xtend:117)
	at io.typefox.lsapi.services.transport.server.LanguageServerEndpoint.accept(LanguageServerEndpoint.xtend:114)
	at io.typefox.lsapi.services.transport.server.LanguageServerEndpoint.accept(LanguageServerEndpoint.xtend)
	at io.typefox.lsapi.services.transport.AbstractLanguageEndpoint.handleMessage(LanguageEndpoint.xtend:67)
	at io.typefox.lsapi.services.transport.AbstractLanguageEndpoint.lambda$connect$4(LanguageEndpoint.xtend:61)
	at io.typefox.lsapi.services.json.StreamMessageReader$1.apply(StreamMessageReader.java:45)
	at io.typefox.lsapi.services.json.StreamMessageReader$1.apply(StreamMessageReader.java:43)
	at io.typefox.lsapi.services.json.StreamMessageReader.handleMessage(StreamMessageReader.xtend:128)
	at io.typefox.lsapi.services.json.StreamMessageReader.listen(StreamMessageReader.xtend:61)
	at io.typefox.lsapi.services.transport.AbstractLanguageEndpoint.connect(LanguageEndpoint.xtend:60)
	at org.javacs.Main.run(Main.java:150)
	at org.javacs.Main.main(Main.java:69)

SEVERE	?	main	2016-09-09T14:30:11.972Z	org.javacs.Main$4#onError	Illegal char <<> at index 0: <?xml version="1.0" encoding="UTF-8"?><classpath>	<classpathentry kind="src" path="src"/>	<classpathentry kind="con" path="org.eclipse.jdt.launching.JRE_CONTAINER"/>	<classpathentry kind="output" path="bin"/></classpath>
java.nio.file.InvalidPathException: Illegal char <<> at index 0: <?xml version="1.0" encoding="UTF-8"?><classpath>	<classpathentry kind="src" path="src"/>	<classpathentry kind="con" path="org.eclipse.jdt.launching.JRE_CONTAINER"/>	<classpathentry kind="output" path="bin"/></classpath>
	at sun.nio.fs.WindowsPathParser.normalize(Unknown Source)
	at sun.nio.fs.WindowsPathParser.parse(Unknown Source)
	at sun.nio.fs.WindowsPathParser.parse(Unknown Source)
	at sun.nio.fs.WindowsPath.parse(Unknown Source)
	at sun.nio.fs.WindowsFileSystem.getPath(Unknown Source)
	at sun.nio.fs.AbstractPath.resolve(Unknown Source)
	at java.util.stream.ReferencePipeline$3$1.accept(Unknown Source)
	at java.util.Spliterators$ArraySpliterator.forEachRemaining(Unknown Source)
	at java.util.stream.AbstractPipeline.copyInto(Unknown Source)
	at java.util.stream.AbstractPipeline.wrapAndCopyInto(Unknown Source)
	at java.util.stream.ReduceOps$ReduceOp.evaluateSequential(Unknown Source)
	at java.util.stream.AbstractPipeline.evaluate(Unknown Source)
	at java.util.stream.ReferencePipeline.collect(Unknown Source)
	at org.javacs.JavaLanguageServer.readClassPathFile(JavaLanguageServer.java:628)
	at org.javacs.JavaLanguageServer.lambda$readIfConfig$25(JavaLanguageServer.java:513)
	at java.util.Optional.map(Unknown Source)
	at org.javacs.JavaLanguageServer.readIfConfig(JavaLanguageServer.java:511)
	at org.javacs.JavaLanguageServer.doFindConfig(JavaLanguageServer.java:494)
	at java.util.HashMap.computeIfAbsent(Unknown Source)
	at org.javacs.JavaLanguageServer.findConfig(JavaLanguageServer.java:489)
	at org.javacs.JavaLanguageServer.findCompiler(JavaLanguageServer.java:454)
	at org.javacs.JavaLanguageServer.doHover(JavaLanguageServer.java:875)
	at org.javacs.JavaLanguageServer$1.hover(JavaLanguageServer.java:125)
	at io.typefox.lsapi.services.transport.server.LanguageServerEndpoint._doAccept(LanguageServerEndpoint.xtend:130)
	at io.typefox.lsapi.services.transport.server.LanguageServerEndpoint.doAccept(LanguageServerEndpoint.xtend:117)
	at io.typefox.lsapi.services.transport.server.LanguageServerEndpoint.accept(LanguageServerEndpoint.xtend:114)
	at io.typefox.lsapi.services.transport.server.LanguageServerEndpoint.accept(LanguageServerEndpoint.xtend)
	at io.typefox.lsapi.services.transport.AbstractLanguageEndpoint.handleMessage(LanguageEndpoint.xtend:67)
	at io.typefox.lsapi.services.transport.AbstractLanguageEndpoint.lambda$connect$4(LanguageEndpoint.xtend:61)
	at io.typefox.lsapi.services.json.StreamMessageReader$1.apply(StreamMessageReader.java:45)
	at io.typefox.lsapi.services.json.StreamMessageReader$1.apply(StreamMessageReader.java:43)
	at io.typefox.lsapi.services.json.StreamMessageReader.handleMessage(StreamMessageReader.xtend:128)
	at io.typefox.lsapi.services.json.StreamMessageReader.listen(StreamMessageReader.xtend:61)
	at io.typefox.lsapi.services.transport.AbstractLanguageEndpoint.connect(LanguageEndpoint.xtend:60)
	at org.javacs.Main.run(Main.java:150)
	at org.javacs.Main.main(Main.java:69)

SEVERE	?	main	2016-09-09T14:30:12.737Z	org.javacs.Main$4#onError	Illegal char <<> at index 0: <?xml version="1.0" encoding="UTF-8"?><classpath>	<classpathentry kind="src" path="src"/>	<classpathentry kind="con" path="org.eclipse.jdt.launching.JRE_CONTAINER"/>	<classpathentry kind="output" path="bin"/></classpath>
java.nio.file.InvalidPathException: Illegal char <<> at index 0: <?xml version="1.0" encoding="UTF-8"?><classpath>	<classpathentry kind="src" path="src"/>	<classpathentry kind="con" path="org.eclipse.jdt.launching.JRE_CONTAINER"/>	<classpathentry kind="output" path="bin"/></classpath>
	at sun.nio.fs.WindowsPathParser.normalize(Unknown Source)
	at sun.nio.fs.WindowsPathParser.parse(Unknown Source)
	at sun.nio.fs.WindowsPathParser.parse(Unknown Source)
	at sun.nio.fs.WindowsPath.parse(Unknown Source)
	at sun.nio.fs.WindowsFileSystem.getPath(Unknown Source)
	at sun.nio.fs.AbstractPath.resolve(Unknown Source)
	at java.util.stream.ReferencePipeline$3$1.accept(Unknown Source)
	at java.util.Spliterators$ArraySpliterator.forEachRemaining(Unknown Source)
	at java.util.stream.AbstractPipeline.copyInto(Unknown Source)
	at java.util.stream.AbstractPipeline.wrapAndCopyInto(Unknown Source)
	at java.util.stream.ReduceOps$ReduceOp.evaluateSequential(Unknown Source)
	at java.util.stream.AbstractPipeline.evaluate(Unknown Source)
	at java.util.stream.ReferencePipeline.collect(Unknown Source)
	at org.javacs.JavaLanguageServer.readClassPathFile(JavaLanguageServer.java:628)
	at org.javacs.JavaLanguageServer.lambda$readIfConfig$25(JavaLanguageServer.java:513)
	at java.util.Optional.map(Unknown Source)
	at org.javacs.JavaLanguageServer.readIfConfig(JavaLanguageServer.java:511)
	at org.javacs.JavaLanguageServer.doFindConfig(JavaLanguageServer.java:494)
	at java.util.HashMap.computeIfAbsent(Unknown Source)
	at org.javacs.JavaLanguageServer.findConfig(JavaLanguageServer.java:489)
	at org.javacs.JavaLanguageServer.findCompiler(JavaLanguageServer.java:454)
	at org.javacs.JavaLanguageServer.doHover(JavaLanguageServer.java:875)
	at org.javacs.JavaLanguageServer$1.hover(JavaLanguageServer.java:125)
	at io.typefox.lsapi.services.transport.server.LanguageServerEndpoint._doAccept(LanguageServerEndpoint.xtend:130)
	at io.typefox.lsapi.services.transport.server.LanguageServerEndpoint.doAccept(LanguageServerEndpoint.xtend:117)
	at io.typefox.lsapi.services.transport.server.LanguageServerEndpoint.accept(LanguageServerEndpoint.xtend:114)
	at io.typefox.lsapi.services.transport.server.LanguageServerEndpoint.accept(LanguageServerEndpoint.xtend)
	at io.typefox.lsapi.services.transport.AbstractLanguageEndpoint.handleMessage(LanguageEndpoint.xtend:67)
	at io.typefox.lsapi.services.transport.AbstractLanguageEndpoint.lambda$connect$4(LanguageEndpoint.xtend:61)
	at io.typefox.lsapi.services.json.StreamMessageReader$1.apply(StreamMessageReader.java:45)
	at io.typefox.lsapi.services.json.StreamMessageReader$1.apply(StreamMessageReader.java:43)
	at io.typefox.lsapi.services.json.StreamMessageReader.handleMessage(StreamMessageReader.xtend:128)
	at io.typefox.lsapi.services.json.StreamMessageReader.listen(StreamMessageReader.xtend:61)
	at io.typefox.lsapi.services.transport.AbstractLanguageEndpoint.connect(LanguageEndpoint.xtend:60)
	at org.javacs.Main.run(Main.java:150)
	at org.javacs.Main.main(Main.java:69)

SEVERE	?	main	2016-09-09T14:30:13.505Z	org.javacs.Main$4#onError	Illegal char <<> at index 0: <?xml version="1.0" encoding="UTF-8"?><classpath>	<classpathentry kind="src" path="src"/>	<classpathentry kind="con" path="org.eclipse.jdt.launching.JRE_CONTAINER"/>	<classpathentry kind="output" path="bin"/></classpath>
java.nio.file.InvalidPathException: Illegal char <<> at index 0: <?xml version="1.0" encoding="UTF-8"?><classpath>	<classpathentry kind="src" path="src"/>	<classpathentry kind="con" path="org.eclipse.jdt.launching.JRE_CONTAINER"/>	<classpathentry kind="output" path="bin"/></classpath>
	at sun.nio.fs.WindowsPathParser.normalize(Unknown Source)
	at sun.nio.fs.WindowsPathParser.parse(Unknown Source)
	at sun.nio.fs.WindowsPathParser.parse(Unknown Source)
	at sun.nio.fs.WindowsPath.parse(Unknown Source)
	at sun.nio.fs.WindowsFileSystem.getPath(Unknown Source)
	at sun.nio.fs.AbstractPath.resolve(Unknown Source)
	at java.util.stream.ReferencePipeline$3$1.accept(Unknown Source)
	at java.util.Spliterators$ArraySpliterator.forEachRemaining(Unknown Source)
	at java.util.stream.AbstractPipeline.copyInto(Unknown Source)
	at java.util.stream.AbstractPipeline.wrapAndCopyInto(Unknown Source)
	at java.util.stream.ReduceOps$ReduceOp.evaluateSequential(Unknown Source)
	at java.util.stream.AbstractPipeline.evaluate(Unknown Source)
	at java.util.stream.ReferencePipeline.collect(Unknown Source)
	at org.javacs.JavaLanguageServer.readClassPathFile(JavaLanguageServer.java:628)
	at org.javacs.JavaLanguageServer.lambda$readIfConfig$25(JavaLanguageServer.java:513)
	at java.util.Optional.map(Unknown Source)
	at org.javacs.JavaLanguageServer.readIfConfig(JavaLanguageServer.java:511)
	at org.javacs.JavaLanguageServer.doFindConfig(JavaLanguageServer.java:494)
	at java.util.HashMap.computeIfAbsent(Unknown Source)
	at org.javacs.JavaLanguageServer.findConfig(JavaLanguageServer.java:489)
	at org.javacs.JavaLanguageServer.findCompiler(JavaLanguageServer.java:454)
	at org.javacs.JavaLanguageServer.doHover(JavaLanguageServer.java:875)
	at org.javacs.JavaLanguageServer$1.hover(JavaLanguageServer.java:125)
	at io.typefox.lsapi.services.transport.server.LanguageServerEndpoint._doAccept(LanguageServerEndpoint.xtend:130)
	at io.typefox.lsapi.services.transport.server.LanguageServerEndpoint.doAccept(LanguageServerEndpoint.xtend:117)
	at io.typefox.lsapi.services.transport.server.LanguageServerEndpoint.accept(LanguageServerEndpoint.xtend:114)
	at io.typefox.lsapi.services.transport.server.LanguageServerEndpoint.accept(LanguageServerEndpoint.xtend)
	at io.typefox.lsapi.services.transport.AbstractLanguageEndpoint.handleMessage(LanguageEndpoint.xtend:67)
	at io.typefox.lsapi.services.transport.AbstractLanguageEndpoint.lambda$connect$4(LanguageEndpoint.xtend:61)
	at io.typefox.lsapi.services.json.StreamMessageReader$1.apply(StreamMessageReader.java:45)
	at io.typefox.lsapi.services.json.StreamMessageReader$1.apply(StreamMessageReader.java:43)
	at io.typefox.lsapi.services.json.StreamMessageReader.handleMessage(StreamMessageReader.xtend:128)
	at io.typefox.lsapi.services.json.StreamMessageReader.listen(StreamMessageReader.xtend:61)
	at io.typefox.lsapi.services.transport.AbstractLanguageEndpoint.connect(LanguageEndpoint.xtend:60)
	at org.javacs.Main.run(Main.java:150)
	at org.javacs.Main.main(Main.java:69)

SEVERE	?	main	2016-09-09T14:30:14.267Z	org.javacs.Main$4#onError	Illegal char <<> at index 0: <?xml version="1.0" encoding="UTF-8"?><classpath>	<classpathentry kind="src" path="src"/>	<classpathentry kind="con" path="org.eclipse.jdt.launching.JRE_CONTAINER"/>	<classpathentry kind="output" path="bin"/></classpath>
java.nio.file.InvalidPathException: Illegal char <<> at index 0: <?xml version="1.0" encoding="UTF-8"?><classpath>	<classpathentry kind="src" path="src"/>	<classpathentry kind="con" path="org.eclipse.jdt.launching.JRE_CONTAINER"/>	<classpathentry kind="output" path="bin"/></classpath>
	at sun.nio.fs.WindowsPathParser.normalize(Unknown Source)
	at sun.nio.fs.WindowsPathParser.parse(Unknown Source)
	at sun.nio.fs.WindowsPathParser.parse(Unknown Source)
	at sun.nio.fs.WindowsPath.parse(Unknown Source)
	at sun.nio.fs.WindowsFileSystem.getPath(Unknown Source)
	at sun.nio.fs.AbstractPath.resolve(Unknown Source)
	at java.util.stream.ReferencePipeline$3$1.accept(Unknown Source)
	at java.util.Spliterators$ArraySpliterator.forEachRemaining(Unknown Source)
	at java.util.stream.AbstractPipeline.copyInto(Unknown Source)
	at java.util.stream.AbstractPipeline.wrapAndCopyInto(Unknown Source)
	at java.util.stream.ReduceOps$ReduceOp.evaluateSequential(Unknown Source)
	at java.util.stream.AbstractPipeline.evaluate(Unknown Source)
	at java.util.stream.ReferencePipeline.collect(Unknown Source)
	at org.javacs.JavaLanguageServer.readClassPathFile(JavaLanguageServer.java:628)
	at org.javacs.JavaLanguageServer.lambda$readIfConfig$25(JavaLanguageServer.java:513)
	at java.util.Optional.map(Unknown Source)
	at org.javacs.JavaLanguageServer.readIfConfig(JavaLanguageServer.java:511)
	at org.javacs.JavaLanguageServer.doFindConfig(JavaLanguageServer.java:494)
	at java.util.HashMap.computeIfAbsent(Unknown Source)
	at org.javacs.JavaLanguageServer.findConfig(JavaLanguageServer.java:489)
	at org.javacs.JavaLanguageServer.findCompiler(JavaLanguageServer.java:454)
	at org.javacs.JavaLanguageServer.doHover(JavaLanguageServer.java:875)
	at org.javacs.JavaLanguageServer$1.hover(JavaLanguageServer.java:125)
	at io.typefox.lsapi.services.transport.server.LanguageServerEndpoint._doAccept(LanguageServerEndpoint.xtend:130)
	at io.typefox.lsapi.services.transport.server.LanguageServerEndpoint.doAccept(LanguageServerEndpoint.xtend:117)
	at io.typefox.lsapi.services.transport.server.LanguageServerEndpoint.accept(LanguageServerEndpoint.xtend:114)
	at io.typefox.lsapi.services.transport.server.LanguageServerEndpoint.accept(LanguageServerEndpoint.xtend)
	at io.typefox.lsapi.services.transport.AbstractLanguageEndpoint.handleMessage(LanguageEndpoint.xtend:67)
	at io.typefox.lsapi.services.transport.AbstractLanguageEndpoint.lambda$connect$4(LanguageEndpoint.xtend:61)
	at io.typefox.lsapi.services.json.StreamMessageReader$1.apply(StreamMessageReader.java:45)
	at io.typefox.lsapi.services.json.StreamMessageReader$1.apply(StreamMessageReader.java:43)
	at io.typefox.lsapi.services.json.StreamMessageReader.handleMessage(StreamMessageReader.xtend:128)
	at io.typefox.lsapi.services.json.StreamMessageReader.listen(StreamMessageReader.xtend:61)
	at io.typefox.lsapi.services.transport.AbstractLanguageEndpoint.connect(LanguageEndpoint.xtend:60)
	at org.javacs.Main.run(Main.java:150)
	at org.javacs.Main.main(Main.java:69)

SEVERE	?	main	2016-09-09T14:30:15.055Z	org.javacs.Main$4#onError	Illegal char <<> at index 0: <?xml version="1.0" encoding="UTF-8"?><classpath>	<classpathentry kind="src" path="src"/>	<classpathentry kind="con" path="org.eclipse.jdt.launching.JRE_CONTAINER"/>	<classpathentry kind="output" path="bin"/></classpath>
java.nio.file.InvalidPathException: Illegal char <<> at index 0: <?xml version="1.0" encoding="UTF-8"?><classpath>	<classpathentry kind="src" path="src"/>	<classpathentry kind="con" path="org.eclipse.jdt.launching.JRE_CONTAINER"/>	<classpathentry kind="output" path="bin"/></classpath>
	at sun.nio.fs.WindowsPathParser.normalize(Unknown Source)
	at sun.nio.fs.WindowsPathParser.parse(Unknown Source)
	at sun.nio.fs.WindowsPathParser.parse(Unknown Source)
	at sun.nio.fs.WindowsPath.parse(Unknown Source)
	at sun.nio.fs.WindowsFileSystem.getPath(Unknown Source)
	at sun.nio.fs.AbstractPath.resolve(Unknown Source)
	at java.util.stream.ReferencePipeline$3$1.accept(Unknown Source)
	at java.util.Spliterators$ArraySpliterator.forEachRemaining(Unknown Source)
	at java.util.stream.AbstractPipeline.copyInto(Unknown Source)
	at java.util.stream.AbstractPipeline.wrapAndCopyInto(Unknown Source)
	at java.util.stream.ReduceOps$ReduceOp.evaluateSequential(Unknown Source)
	at java.util.stream.AbstractPipeline.evaluate(Unknown Source)
	at java.util.stream.ReferencePipeline.collect(Unknown Source)
	at org.javacs.JavaLanguageServer.readClassPathFile(JavaLanguageServer.java:628)
	at org.javacs.JavaLanguageServer.lambda$readIfConfig$25(JavaLanguageServer.java:513)
	at java.util.Optional.map(Unknown Source)
	at org.javacs.JavaLanguageServer.readIfConfig(JavaLanguageServer.java:511)
	at org.javacs.JavaLanguageServer.doFindConfig(JavaLanguageServer.java:494)
	at java.util.HashMap.computeIfAbsent(Unknown Source)
	at org.javacs.JavaLanguageServer.findConfig(JavaLanguageServer.java:489)
	at org.javacs.JavaLanguageServer.findCompiler(JavaLanguageServer.java:454)
	at org.javacs.JavaLanguageServer.doHover(JavaLanguageServer.java:875)
	at org.javacs.JavaLanguageServer$1.hover(JavaLanguageServer.java:125)
	at io.typefox.lsapi.services.transport.server.LanguageServerEndpoint._doAccept(LanguageServerEndpoint.xtend:130)
	at io.typefox.lsapi.services.transport.server.LanguageServerEndpoint.doAccept(LanguageServerEndpoint.xtend:117)
	at io.typefox.lsapi.services.transport.server.LanguageServerEndpoint.accept(LanguageServerEndpoint.xtend:114)
	at io.typefox.lsapi.services.transport.server.LanguageServerEndpoint.accept(LanguageServerEndpoint.xtend)
	at io.typefox.lsapi.services.transport.AbstractLanguageEndpoint.handleMessage(LanguageEndpoint.xtend:67)
	at io.typefox.lsapi.services.transport.AbstractLanguageEndpoint.lambda$connect$4(LanguageEndpoint.xtend:61)
	at io.typefox.lsapi.services.json.StreamMessageReader$1.apply(StreamMessageReader.java:45)
	at io.typefox.lsapi.services.json.StreamMessageReader$1.apply(StreamMessageReader.java:43)
	at io.typefox.lsapi.services.json.StreamMessageReader.handleMessage(StreamMessageReader.xtend:128)
	at io.typefox.lsapi.services.json.StreamMessageReader.listen(StreamMessageReader.xtend:61)
	at io.typefox.lsapi.services.transport.AbstractLanguageEndpoint.connect(LanguageEndpoint.xtend:60)
	at org.javacs.Main.run(Main.java:150)
	at org.javacs.Main.main(Main.java:69)

SEVERE	?	main	2016-09-09T14:30:15.833Z	org.javacs.Main$4#onError	Illegal char <<> at index 0: <?xml version="1.0" encoding="UTF-8"?><classpath>	<classpathentry kind="src" path="src"/>	<classpathentry kind="con" path="org.eclipse.jdt.launching.JRE_CONTAINER"/>	<classpathentry kind="output" path="bin"/></classpath>
java.nio.file.InvalidPathException: Illegal char <<> at index 0: <?xml version="1.0" encoding="UTF-8"?><classpath>	<classpathentry kind="src" path="src"/>	<classpathentry kind="con" path="org.eclipse.jdt.launching.JRE_CONTAINER"/>	<classpathentry kind="output" path="bin"/></classpath>
	at sun.nio.fs.WindowsPathParser.normalize(Unknown Source)
	at sun.nio.fs.WindowsPathParser.parse(Unknown Source)
	at sun.nio.fs.WindowsPathParser.parse(Unknown Source)
	at sun.nio.fs.WindowsPath.parse(Unknown Source)
	at sun.nio.fs.WindowsFileSystem.getPath(Unknown Source)
	at sun.nio.fs.AbstractPath.resolve(Unknown Source)
	at java.util.stream.ReferencePipeline$3$1.accept(Unknown Source)
	at java.util.Spliterators$ArraySpliterator.forEachRemaining(Unknown Source)
	at java.util.stream.AbstractPipeline.copyInto(Unknown Source)
	at java.util.stream.AbstractPipeline.wrapAndCopyInto(Unknown Source)
	at java.util.stream.ReduceOps$ReduceOp.evaluateSequential(Unknown Source)
	at java.util.stream.AbstractPipeline.evaluate(Unknown Source)
	at java.util.stream.ReferencePipeline.collect(Unknown Source)
	at org.javacs.JavaLanguageServer.readClassPathFile(JavaLanguageServer.java:628)
	at org.javacs.JavaLanguageServer.lambda$readIfConfig$25(JavaLanguageServer.java:513)
	at java.util.Optional.map(Unknown Source)
	at org.javacs.JavaLanguageServer.readIfConfig(JavaLanguageServer.java:511)
	at org.javacs.JavaLanguageServer.doFindConfig(JavaLanguageServer.java:494)
	at java.util.HashMap.computeIfAbsent(Unknown Source)
	at org.javacs.JavaLanguageServer.findConfig(JavaLanguageServer.java:489)
	at org.javacs.JavaLanguageServer.findCompiler(JavaLanguageServer.java:454)
	at org.javacs.JavaLanguageServer.doHover(JavaLanguageServer.java:875)
	at org.javacs.JavaLanguageServer$1.hover(JavaLanguageServer.java:125)
	at io.typefox.lsapi.services.transport.server.LanguageServerEndpoint._doAccept(LanguageServerEndpoint.xtend:130)
	at io.typefox.lsapi.services.transport.server.LanguageServerEndpoint.doAccept(LanguageServerEndpoint.xtend:117)
	at io.typefox.lsapi.services.transport.server.LanguageServerEndpoint.accept(LanguageServerEndpoint.xtend:114)
	at io.typefox.lsapi.services.transport.server.LanguageServerEndpoint.accept(LanguageServerEndpoint.xtend)
	at io.typefox.lsapi.services.transport.AbstractLanguageEndpoint.handleMessage(LanguageEndpoint.xtend:67)
	at io.typefox.lsapi.services.transport.AbstractLanguageEndpoint.lambda$connect$4(LanguageEndpoint.xtend:61)
	at io.typefox.lsapi.services.json.StreamMessageReader$1.apply(StreamMessageReader.java:45)
	at io.typefox.lsapi.services.json.StreamMessageReader$1.apply(StreamMessageReader.java:43)
	at io.typefox.lsapi.services.json.StreamMessageReader.handleMessage(StreamMessageReader.xtend:128)
	at io.typefox.lsapi.services.json.StreamMessageReader.listen(StreamMessageReader.xtend:61)
	at io.typefox.lsapi.services.transport.AbstractLanguageEndpoint.connect(LanguageEndpoint.xtend:60)
	at org.javacs.Main.run(Main.java:150)
	at org.javacs.Main.main(Main.java:69)

SEVERE	?	main	2016-09-09T14:30:16.596Z	org.javacs.Main$4#onError	Illegal char <<> at index 0: <?xml version="1.0" encoding="UTF-8"?><classpath>	<classpathentry kind="src" path="src"/>	<classpathentry kind="con" path="org.eclipse.jdt.launching.JRE_CONTAINER"/>	<classpathentry kind="output" path="bin"/></classpath>
java.nio.file.InvalidPathException: Illegal char <<> at index 0: <?xml version="1.0" encoding="UTF-8"?><classpath>	<classpathentry kind="src" path="src"/>	<classpathentry kind="con" path="org.eclipse.jdt.launching.JRE_CONTAINER"/>	<classpathentry kind="output" path="bin"/></classpath>
	at sun.nio.fs.WindowsPathParser.normalize(Unknown Source)
	at sun.nio.fs.WindowsPathParser.parse(Unknown Source)
	at sun.nio.fs.WindowsPathParser.parse(Unknown Source)
	at sun.nio.fs.WindowsPath.parse(Unknown Source)
	at sun.nio.fs.WindowsFileSystem.getPath(Unknown Source)
	at sun.nio.fs.AbstractPath.resolve(Unknown Source)
	at java.util.stream.ReferencePipeline$3$1.accept(Unknown Source)
	at java.util.Spliterators$ArraySpliterator.forEachRemaining(Unknown Source)
	at java.util.stream.AbstractPipeline.copyInto(Unknown Source)
	at java.util.stream.AbstractPipeline.wrapAndCopyInto(Unknown Source)
	at java.util.stream.ReduceOps$ReduceOp.evaluateSequential(Unknown Source)
	at java.util.stream.AbstractPipeline.evaluate(Unknown Source)
	at java.util.stream.ReferencePipeline.collect(Unknown Source)
	at org.javacs.JavaLanguageServer.readClassPathFile(JavaLanguageServer.java:628)
	at org.javacs.JavaLanguageServer.lambda$readIfConfig$25(JavaLanguageServer.java:513)
	at java.util.Optional.map(Unknown Source)
	at org.javacs.JavaLanguageServer.readIfConfig(JavaLanguageServer.java:511)
	at org.javacs.JavaLanguageServer.doFindConfig(JavaLanguageServer.java:494)
	at java.util.HashMap.computeIfAbsent(Unknown Source)
	at org.javacs.JavaLanguageServer.findConfig(JavaLanguageServer.java:489)
	at org.javacs.JavaLanguageServer.findCompiler(JavaLanguageServer.java:454)
	at org.javacs.JavaLanguageServer.doHover(JavaLanguageServer.java:875)
	at org.javacs.JavaLanguageServer$1.hover(JavaLanguageServer.java:125)
	at io.typefox.lsapi.services.transport.server.LanguageServerEndpoint._doAccept(LanguageServerEndpoint.xtend:130)
	at io.typefox.lsapi.services.transport.server.LanguageServerEndpoint.doAccept(LanguageServerEndpoint.xtend:117)
	at io.typefox.lsapi.services.transport.server.LanguageServerEndpoint.accept(LanguageServerEndpoint.xtend:114)
	at io.typefox.lsapi.services.transport.server.LanguageServerEndpoint.accept(LanguageServerEndpoint.xtend)
	at io.typefox.lsapi.services.transport.AbstractLanguageEndpoint.handleMessage(LanguageEndpoint.xtend:67)
	at io.typefox.lsapi.services.transport.AbstractLanguageEndpoint.lambda$connect$4(LanguageEndpoint.xtend:61)
	at io.typefox.lsapi.services.json.StreamMessageReader$1.apply(StreamMessageReader.java:45)
	at io.typefox.lsapi.services.json.StreamMessageReader$1.apply(StreamMessageReader.java:43)
	at io.typefox.lsapi.services.json.StreamMessageReader.handleMessage(StreamMessageReader.xtend:128)
	at io.typefox.lsapi.services.json.StreamMessageReader.listen(StreamMessageReader.xtend:61)
	at io.typefox.lsapi.services.transport.AbstractLanguageEndpoint.connect(LanguageEndpoint.xtend:60)
	at org.javacs.Main.run(Main.java:150)
	at org.javacs.Main.main(Main.java:69)

SEVERE	?	main	2016-09-09T14:30:17.363Z	org.javacs.Main$4#onError	Illegal char <<> at index 0: <?xml version="1.0" encoding="UTF-8"?><classpath>	<classpathentry kind="src" path="src"/>	<classpathentry kind="con" path="org.eclipse.jdt.launching.JRE_CONTAINER"/>	<classpathentry kind="output" path="bin"/></classpath>
java.nio.file.InvalidPathException: Illegal char <<> at index 0: <?xml version="1.0" encoding="UTF-8"?><classpath>	<classpathentry kind="src" path="src"/>	<classpathentry kind="con" path="org.eclipse.jdt.launching.JRE_CONTAINER"/>	<classpathentry kind="output" path="bin"/></classpath>
	at sun.nio.fs.WindowsPathParser.normalize(Unknown Source)
	at sun.nio.fs.WindowsPathParser.parse(Unknown Source)
	at sun.nio.fs.WindowsPathParser.parse(Unknown Source)
	at sun.nio.fs.WindowsPath.parse(Unknown Source)
	at sun.nio.fs.WindowsFileSystem.getPath(Unknown Source)
	at sun.nio.fs.AbstractPath.resolve(Unknown Source)
	at java.util.stream.ReferencePipeline$3$1.accept(Unknown Source)
	at java.util.Spliterators$ArraySpliterator.forEachRemaining(Unknown Source)
	at java.util.stream.AbstractPipeline.copyInto(Unknown Source)
	at java.util.stream.AbstractPipeline.wrapAndCopyInto(Unknown Source)
	at java.util.stream.ReduceOps$ReduceOp.evaluateSequential(Unknown Source)
	at java.util.stream.AbstractPipeline.evaluate(Unknown Source)
	at java.util.stream.ReferencePipeline.collect(Unknown Source)
	at org.javacs.JavaLanguageServer.readClassPathFile(JavaLanguageServer.java:628)
	at org.javacs.JavaLanguageServer.lambda$readIfConfig$25(JavaLanguageServer.java:513)
	at java.util.Optional.map(Unknown Source)
	at org.javacs.JavaLanguageServer.readIfConfig(JavaLanguageServer.java:511)
	at org.javacs.JavaLanguageServer.doFindConfig(JavaLanguageServer.java:494)
	at java.util.HashMap.computeIfAbsent(Unknown Source)
	at org.javacs.JavaLanguageServer.findConfig(JavaLanguageServer.java:489)
	at org.javacs.JavaLanguageServer.findCompiler(JavaLanguageServer.java:454)
	at org.javacs.JavaLanguageServer.doHover(JavaLanguageServer.java:875)
	at org.javacs.JavaLanguageServer$1.hover(JavaLanguageServer.java:125)
	at io.typefox.lsapi.services.transport.server.LanguageServerEndpoint._doAccept(LanguageServerEndpoint.xtend:130)
	at io.typefox.lsapi.services.transport.server.LanguageServerEndpoint.doAccept(LanguageServerEndpoint.xtend:117)
	at io.typefox.lsapi.services.transport.server.LanguageServerEndpoint.accept(LanguageServerEndpoint.xtend:114)
	at io.typefox.lsapi.services.transport.server.LanguageServerEndpoint.accept(LanguageServerEndpoint.xtend)
	at io.typefox.lsapi.services.transport.AbstractLanguageEndpoint.handleMessage(LanguageEndpoint.xtend:67)
	at io.typefox.lsapi.services.transport.AbstractLanguageEndpoint.lambda$connect$4(LanguageEndpoint.xtend:61)
	at io.typefox.lsapi.services.json.StreamMessageReader$1.apply(StreamMessageReader.java:45)
	at io.typefox.lsapi.services.json.StreamMessageReader$1.apply(StreamMessageReader.java:43)
	at io.typefox.lsapi.services.json.StreamMessageReader.handleMessage(StreamMessageReader.xtend:128)
	at io.typefox.lsapi.services.json.StreamMessageReader.listen(StreamMessageReader.xtend:61)
	at io.typefox.lsapi.services.transport.AbstractLanguageEndpoint.connect(LanguageEndpoint.xtend:60)
	at org.javacs.Main.run(Main.java:150)
	at org.javacs.Main.main(Main.java:69)

SEVERE	?	main	2016-09-09T14:30:18.129Z	org.javacs.Main$4#onError	Illegal char <<> at index 0: <?xml version="1.0" encoding="UTF-8"?><classpath>	<classpathentry kind="src" path="src"/>	<classpathentry kind="con" path="org.eclipse.jdt.launching.JRE_CONTAINER"/>	<classpathentry kind="output" path="bin"/></classpath>
java.nio.file.InvalidPathException: Illegal char <<> at index 0: <?xml version="1.0" encoding="UTF-8"?><classpath>	<classpathentry kind="src" path="src"/>	<classpathentry kind="con" path="org.eclipse.jdt.launching.JRE_CONTAINER"/>	<classpathentry kind="output" path="bin"/></classpath>
	at sun.nio.fs.WindowsPathParser.normalize(Unknown Source)
	at sun.nio.fs.WindowsPathParser.parse(Unknown Source)
	at sun.nio.fs.WindowsPathParser.parse(Unknown Source)
	at sun.nio.fs.WindowsPath.parse(Unknown Source)
	at sun.nio.fs.WindowsFileSystem.getPath(Unknown Source)
	at sun.nio.fs.AbstractPath.resolve(Unknown Source)
	at java.util.stream.ReferencePipeline$3$1.accept(Unknown Source)
	at java.util.Spliterators$ArraySpliterator.forEachRemaining(Unknown Source)
	at java.util.stream.AbstractPipeline.copyInto(Unknown Source)
	at java.util.stream.AbstractPipeline.wrapAndCopyInto(Unknown Source)
	at java.util.stream.ReduceOps$ReduceOp.evaluateSequential(Unknown Source)
	at java.util.stream.AbstractPipeline.evaluate(Unknown Source)
	at java.util.stream.ReferencePipeline.collect(Unknown Source)
	at org.javacs.JavaLanguageServer.readClassPathFile(JavaLanguageServer.java:628)
	at org.javacs.JavaLanguageServer.lambda$readIfConfig$25(JavaLanguageServer.java:513)
	at java.util.Optional.map(Unknown Source)
	at org.javacs.JavaLanguageServer.readIfConfig(JavaLanguageServer.java:511)
	at org.javacs.JavaLanguageServer.doFindConfig(JavaLanguageServer.java:494)
	at java.util.HashMap.computeIfAbsent(Unknown Source)
	at org.javacs.JavaLanguageServer.findConfig(JavaLanguageServer.java:489)
	at org.javacs.JavaLanguageServer.findCompiler(JavaLanguageServer.java:454)
	at org.javacs.JavaLanguageServer.doHover(JavaLanguageServer.java:875)
	at org.javacs.JavaLanguageServer$1.hover(JavaLanguageServer.java:125)
	at io.typefox.lsapi.services.transport.server.LanguageServerEndpoint._doAccept(LanguageServerEndpoint.xtend:130)
	at io.typefox.lsapi.services.transport.server.LanguageServerEndpoint.doAccept(LanguageServerEndpoint.xtend:117)
	at io.typefox.lsapi.services.transport.server.LanguageServerEndpoint.accept(LanguageServerEndpoint.xtend:114)
	at io.typefox.lsapi.services.transport.server.LanguageServerEndpoint.accept(LanguageServerEndpoint.xtend)
	at io.typefox.lsapi.services.transport.AbstractLanguageEndpoint.handleMessage(LanguageEndpoint.xtend:67)
	at io.typefox.lsapi.services.transport.AbstractLanguageEndpoint.lambda$connect$4(LanguageEndpoint.xtend:61)
	at io.typefox.lsapi.services.json.StreamMessageReader$1.apply(StreamMessageReader.java:45)
	at io.typefox.lsapi.services.json.StreamMessageReader$1.apply(StreamMessageReader.java:43)
	at io.typefox.lsapi.services.json.StreamMessageReader.handleMessage(StreamMessageReader.xtend:128)
	at io.typefox.lsapi.services.json.StreamMessageReader.listen(StreamMessageReader.xtend:61)
	at io.typefox.lsapi.services.transport.AbstractLanguageEndpoint.connect(LanguageEndpoint.xtend:60)
	at org.javacs.Main.run(Main.java:150)
	at org.javacs.Main.main(Main.java:69)

SEVERE	?	main	2016-09-09T14:30:18.923Z	org.javacs.Main$4#onError	Illegal char <<> at index 0: <?xml version="1.0" encoding="UTF-8"?><classpath>	<classpathentry kind="src" path="src"/>	<classpathentry kind="con" path="org.eclipse.jdt.launching.JRE_CONTAINER"/>	<classpathentry kind="output" path="bin"/></classpath>
java.nio.file.InvalidPathException: Illegal char <<> at index 0: <?xml version="1.0" encoding="UTF-8"?><classpath>	<classpathentry kind="src" path="src"/>	<classpathentry kind="con" path="org.eclipse.jdt.launching.JRE_CONTAINER"/>	<classpathentry kind="output" path="bin"/></classpath>
	at sun.nio.fs.WindowsPathParser.normalize(Unknown Source)
	at sun.nio.fs.WindowsPathParser.parse(Unknown Source)
	at sun.nio.fs.WindowsPathParser.parse(Unknown Source)
	at sun.nio.fs.WindowsPath.parse(Unknown Source)
	at sun.nio.fs.WindowsFileSystem.getPath(Unknown Source)
	at sun.nio.fs.AbstractPath.resolve(Unknown Source)
	at java.util.stream.ReferencePipeline$3$1.accept(Unknown Source)
	at java.util.Spliterators$ArraySpliterator.forEachRemaining(Unknown Source)
	at java.util.stream.AbstractPipeline.copyInto(Unknown Source)
	at java.util.stream.AbstractPipeline.wrapAndCopyInto(Unknown Source)
	at java.util.stream.ReduceOps$ReduceOp.evaluateSequential(Unknown Source)
	at java.util.stream.AbstractPipeline.evaluate(Unknown Source)
	at java.util.stream.ReferencePipeline.collect(Unknown Source)
	at org.javacs.JavaLanguageServer.readClassPathFile(JavaLanguageServer.java:628)
	at org.javacs.JavaLanguageServer.lambda$readIfConfig$25(JavaLanguageServer.java:513)
	at java.util.Optional.map(Unknown Source)
	at org.javacs.JavaLanguageServer.readIfConfig(JavaLanguageServer.java:511)
	at org.javacs.JavaLanguageServer.doFindConfig(JavaLanguageServer.java:494)
	at java.util.HashMap.computeIfAbsent(Unknown Source)
	at org.javacs.JavaLanguageServer.findConfig(JavaLanguageServer.java:489)
	at org.javacs.JavaLanguageServer.findCompiler(JavaLanguageServer.java:454)
	at org.javacs.JavaLanguageServer.doHover(JavaLanguageServer.java:875)
	at org.javacs.JavaLanguageServer$1.hover(JavaLanguageServer.java:125)
	at io.typefox.lsapi.services.transport.server.LanguageServerEndpoint._doAccept(LanguageServerEndpoint.xtend:130)
	at io.typefox.lsapi.services.transport.server.LanguageServerEndpoint.doAccept(LanguageServerEndpoint.xtend:117)
	at io.typefox.lsapi.services.transport.server.LanguageServerEndpoint.accept(LanguageServerEndpoint.xtend:114)
	at io.typefox.lsapi.services.transport.server.LanguageServerEndpoint.accept(LanguageServerEndpoint.xtend)
	at io.typefox.lsapi.services.transport.AbstractLanguageEndpoint.handleMessage(LanguageEndpoint.xtend:67)
	at io.typefox.lsapi.services.transport.AbstractLanguageEndpoint.lambda$connect$4(LanguageEndpoint.xtend:61)
	at io.typefox.lsapi.services.json.StreamMessageReader$1.apply(StreamMessageReader.java:45)
	at io.typefox.lsapi.services.json.StreamMessageReader$1.apply(StreamMessageReader.java:43)
	at io.typefox.lsapi.services.json.StreamMessageReader.handleMessage(StreamMessageReader.xtend:128)
	at io.typefox.lsapi.services.json.StreamMessageReader.listen(StreamMessageReader.xtend:61)
	at io.typefox.lsapi.services.transport.AbstractLanguageEndpoint.connect(LanguageEndpoint.xtend:60)
	at org.javacs.Main.run(Main.java:150)
	at org.javacs.Main.main(Main.java:69)

